[14:08:49] This is prokka 1.14.6
[14:08:49] Written by Torsten Seemann <torsten.seemann@gmail.com>
[14:08:49] Homepage is https://github.com/tseemann/prokka
[14:08:49] Local time is Sat Jun 14 14:08:49 2025
[14:08:49] You are rayhan-sikdar
[14:08:49] Operating system is linux
[14:08:49] You have BioPerl 1.7.8
[14:08:49] System has 12 cores.
[14:08:49] Will use maximum of 8 cores.
[14:08:49] Annotating as >>> Bacteria <<<
[14:08:49] Generating locus_tag from '/home/rayhan-sikdar/bacterial-upstream_analysis/results/assembly/contigs.fasta' contents.
[14:08:49] Setting --locustag BCPCFBLM from MD5 bc9cfb56c7678887f65914e65b9a9b58
[14:08:49] Re-using existing --outdir /home/rayhan-sikdar/bacterial-upstream_analysis/results/annotation
[14:08:49] Using filename prefix: SRR33893847.XXX
[14:08:49] Setting HMMER_NCPU=1
[14:08:49] Writing log to: /home/rayhan-sikdar/bacterial-upstream_analysis/results/annotation/SRR33893847.log
[14:08:49] Command: /home/rayhan-sikdar/prokka/bin/prokka --outdir /home/rayhan-sikdar/bacterial-upstream_analysis/results/annotation --prefix SRR33893847 --force /home/rayhan-sikdar/bacterial-upstream_analysis/results/assembly/contigs.fasta
[14:08:49] Appending to PATH: /home/rayhan-sikdar/prokka/bin/../binaries/linux
[14:08:49] Appending to PATH: /home/rayhan-sikdar/prokka/bin/../binaries/linux/../common
[14:08:49] Appending to PATH: /home/rayhan-sikdar/prokka/bin
[14:08:49] Looking for 'aragorn' - found /usr/bin/aragorn
[14:08:49] Determined aragorn version is 001002 from 'ARAGORN v1.2.41 Dean Laslett'
[14:08:49] Looking for 'blastp' - found /usr/bin/blastp
[14:08:49] Determined blastp version is 002012 from 'blastp: 2.12.0+'
[14:08:49] Looking for 'cmpress' - found /usr/bin/cmpress
[14:08:49] Determined cmpress version is 001001 from '# INFERNAL 1.1.5 (Sep 2023)'
[14:08:49] Looking for 'cmscan' - found /usr/bin/cmscan
[14:08:50] Determined cmscan version is 001001 from '# INFERNAL 1.1.5 (Sep 2023)'
[14:08:50] Looking for 'egrep' - found /usr/bin/egrep
[14:08:50] Looking for 'find' - found /usr/bin/find
[14:08:50] Looking for 'grep' - found /usr/bin/grep
[14:08:50] Looking for 'hmmpress' - found /usr/bin/hmmpress
[14:08:50] Determined hmmpress version is 003004 from '# HMMER 3.4 (Aug 2023); http://hmmer.org/'
[14:08:50] Looking for 'hmmscan' - found /usr/bin/hmmscan
[14:08:50] Determined hmmscan version is 003004 from '# HMMER 3.4 (Aug 2023); http://hmmer.org/'
[14:08:50] Looking for 'java' - found /usr/bin/java
[14:08:50] Looking for 'makeblastdb' - found /usr/bin/makeblastdb
[14:08:50] Determined makeblastdb version is 002012 from 'makeblastdb: 2.12.0+'
[14:08:50] Looking for 'minced' - found /home/rayhan-sikdar/prokka/bin/../binaries/linux/../common/minced
[14:08:50] Determined minced version is 002000 from 'minced 0.2.0'
[14:08:50] Looking for 'parallel' - found /usr/bin/parallel
[14:08:50] Determined parallel version is 20231122 from 'GNU parallel 20231122'
[14:08:50] Looking for 'prodigal' - found /usr/bin/prodigal
[14:08:50] Determined prodigal version is 002006 from 'Prodigal V2.6.3: February, 2016'
[14:08:50] Looking for 'prokka-genbank_to_fasta_db' - found /usr/bin/prokka-genbank_to_fasta_db
[14:08:50] Looking for 'sed' - found /usr/bin/sed
[14:08:50] Looking for 'tbl2asn' - found /usr/bin/tbl2asn
[14:08:50] Determined tbl2asn version is 025003 from 'tbl2asn 25.3   arguments:'
[14:08:50] Using genetic code table 11.
[14:08:50] Loading and checking input file: /home/rayhan-sikdar/bacterial-upstream_analysis/results/assembly/contigs.fasta
[14:08:50] Wrote 193 contigs totalling 6926354 bp.
[14:08:50] Predicting tRNAs and tmRNAs
[14:08:50] Running: aragorn -l -gc11  -w \/home\/rayhan\-sikdar\/bacterial\-upstream_analysis\/results\/annotation\/SRR33893847\.fna
[14:08:53] 1 tRNA-Met c[62697,62773] 35 (cat)
[14:08:53] 2 tRNA-Leu c[62864,62949] 35 (gag)
[14:08:53] 3 tRNA-SeC c[116892,116987] 35 (tca)
[14:08:53] 4 tRNA-Leu [273057,273143] 35 (cag)
[14:08:53] 5 tRNA-Phe [529768,529843] 34 (gaa)
[14:08:53] 6 tRNA-Thr [541172,541247] 34 (tgt)
[14:08:53] 1 tRNA-Met [137863,137939] 35 (cat)
[14:08:53] 1 tRNA-Gly c[2,77] 34 (gcc)
[14:08:53] 2 tRNA-Gly c[162,237] 34 (gcc)
[14:08:53] 3 tRNA-Glu c[240,315] 35 (ttc)
[14:08:53] 4 tRNA-Ala c[22632,22722] 35 (tgc)
[14:08:53] 5 tRNA-Ser [32811,32900] 35 (gga)
[14:08:53] 6 tRNA-Trp [219680,219773] 34 (cca)
[14:08:53] 7 tRNA-Pro [221637,221713] 35 (cgg)
[14:08:53] 8 tRNA-Asp c[349954,350030] 35 (gtc)
[14:08:53] 1 tRNA-Leu [272325,272411] 35 (caa)
[14:08:53] 1 tRNA-Asp c[112041,112117] 35 (gtc)
[14:08:53] 2 tRNA-His c[123395,123470] 34 (gtg)
[14:08:53] 3 tRNA-Arg c[123522,123598] 35 (tct)
[14:08:53] 4 tRNA-Cys c[145909,146007] 37 (aca)
[14:08:53] 1 tRNA-Thr [18106,18181] 34 (cgt)
[14:08:53] 1 tRNA-Pro [52412,52509] 35 (ggg)
[14:08:53] 1 tRNA-Arg c[75812,75905] 36 (acg)
[14:08:53] 2 tRNA-Arg c[94967,95041] 34 (cct)
[14:08:53] 1 tRNA-Ala [110724,110818] 34 (cgc)
[14:08:53] 1 tRNA-Arg c[28956,29045] 38 (tct)
[14:08:53] 1 tRNA-Ser [90373,90462] 35 (tga)
[14:08:53] 2 tRNA-Gly [148896,148971] 34 (gcc)
[14:08:53] 3 tRNA-Cys [155288,155361] 33 (gca)
[14:08:53] 1 tmRNA c[30822,31174] 95,127 ANDDNYALAA*
[14:08:53] 2 tRNA-Ser [120565,120655] 35 (gct)
[14:08:53] 3 tRNA-Arg [120773,120849] 35 (acg)
[14:08:53] 4 tRNA-Met c[136848,136924] 35 (cat)
[14:08:53] 5 tRNA-Lys [189499,189574] 34 (ttt)
[14:08:53] 1 tRNA-Gly [102057,102130] 33 (ccc)
[14:08:53] 1 tRNA-Ser c[153701,153790] 35 (cga)
[14:08:53] 1 tRNA-Asp c[78672,78748] 35 (gtc)
[14:08:53] 2 tRNA-Val c[78765,78840] 34 (tac)
[14:08:53] 1 tRNA-Lys c[11036,11111] 34 (ttt)
[14:08:53] 2 tRNA-Pro c[11122,11198] 35 (tgg)
[14:08:53] 3 tRNA-Asn c[11208,11283] 34 (gtt)
[14:08:53] 4 tRNA-Arg [55191,55264] 35 (acg)
[14:08:53] 1 tRNA-Ser [82324,82414] 32 (act)
[14:08:53] 1 tRNA-Ser c[68704,68793] 31 (act)
[14:08:53] 1 tRNA-Tyr [2722,2806] 35 (gta)
[14:08:53] 2 tRNA-Gly [2833,2906] 33 (tcc)
[14:08:53] 3 tRNA-Thr [2926,3001] 34 (ggt)
[14:08:53] 4 tRNA-Trp [4335,4410] 34 (cca)
[14:08:53] 1 tRNA-Pro c[619,695] 35 (ggg)
[14:08:53] 2 tRNA-Val c[34456,34532] 35 (gac)
[14:08:53] 1 tRNA-Trp c[34616,34713] 38 (cca)
[14:08:53] 1 tRNA-Gln [48630,48704] 33 (ttg)
[14:08:53] 2 tRNA-Met [52378,52454] 35 (cat)
[14:08:53] 1 tRNA-Glu c[2,77] 35 (ttc)
[14:08:53] 2 tRNA-Ala c[124,199] 34 (ggc)
[14:08:53] 3 tRNA-Glu c[293,368] 35 (ttc)
[14:08:53] 4 tRNA-Ala c[417,492] 34 (ggc)
[14:08:53] 5 tRNA-Asn [9291,9366] 34 (gtt)
[14:08:53] 1 tRNA-Glu c[38965,39040] 35 (ttc)
[14:08:53] 1 tRNA-Gly c[38862,38937] 34 (gcc)
[14:08:53] 1 tRNA-Arg c[1062,1138] 35 (ccg)
[14:08:53] 1 tRNA-Ala c[3409,3484] 34 (tgc)
[14:08:53] 2 tRNA-Ile c[3513,3589] 35 (gat)
[14:08:53] 1 tRNA-His c[-1,72] 34 (gtg)
[14:08:53] 2 tRNA-Leu c[139,223] 35 (tag)
[14:08:53] 1 tRNA-Arg c[1,75] 35 (acg)
[14:08:53] 2 tRNA-Arg c[187,263] 35 (acg)
[14:08:53] 1 tRNA-Asp c[-1,73] 35 (gtc)
[14:08:53] 2 tRNA-Asp c[188,264] 35 (gtc)
[14:08:53] Found 69 tRNAs
[14:08:53] Predicting Ribosomal RNAs
[14:08:53] You need either Barrnap or RNAmmer installed to predict rRNAs!
[14:08:53] Skipping ncRNA search, enable with --rfam if desired.
[14:08:53] Total of 68 tRNA + rRNA features
[14:08:53] Searching for CRISPR repeats
[14:08:54] CRISPR1 NODE_24_length_108386_cov_28.842442 107465 with 11 spacers
[14:08:54] Found 1 CRISPRs
[14:08:54] Predicting coding sequences
[14:08:54] Contigs total 6926354 bp, so using single mode
[14:08:54] Running: prodigal -i \/home\/rayhan\-sikdar\/bacterial\-upstream_analysis\/results\/annotation\/SRR33893847\.fna -c -m -g 11 -p single -f sco -q
[14:08:57] Excluding CDS which overlaps existing RNA (tRNA) at NODE_4_length_350029_cov_27.422515:22238..23092 on + strand
[14:08:57] Excluding CDS which overlaps existing RNA (tRNA) at NODE_4_length_350029_cov_27.422515:218714..219931 on - strand
[14:08:57] Excluding CDS which overlaps existing RNA (tRNA) at NODE_6_length_268080_cov_26.199125:145147..147873 on + strand
[14:08:57] Excluding CDS which overlaps existing RNA (tRNA) at NODE_8_length_244780_cov_30.847346:52490..53521 on - strand
[14:08:57] Excluding CDS which overlaps existing RNA (tRNA) at NODE_9_length_214282_cov_28.117061:75677..76288 on - strand
[14:08:57] Excluding CDS which overlaps existing RNA (tRNA) at NODE_10_length_210858_cov_32.703047:109594..111360 on - strand
[14:08:58] Excluding CDS which overlaps existing RNA (tRNA) at NODE_11_length_210199_cov_30.046540:28815..30110 on - strand
[14:08:58] Excluding CDS which overlaps existing RNA (CRISPR) at NODE_24_length_108386_cov_28.842442:107427..108095 on + strand
[14:08:58] Excluding CDS which overlaps existing RNA (tRNA) at NODE_25_length_106124_cov_32.077249:81634..83043 on + strand
[14:08:58] Excluding CDS which overlaps existing RNA (tRNA) at NODE_27_length_91689_cov_24.731585:65291..69136 on - strand
[14:08:58] Excluding CDS which overlaps existing RNA (tRNA) at NODE_32_length_55005_cov_26.026981:34049..35068 on + strand
[14:08:59] Found 6379 CDS
[14:08:59] Connecting features back to sequences
[14:08:59] Not using genus-specific database. Try --usegenus to enable it.
[14:08:59] Annotating CDS, please be patient.
[14:08:59] Will use 8 CPUs for similarity searching.
[14:08:59] There are still 6379 unannotated CDS left (started with 6379)
[14:08:59] Will use blast to search against /home/rayhan-sikdar/prokka/db/kingdom/Bacteria/IS with 8 CPUs
[14:08:59] Running: cat \/home\/rayhan\-sikdar\/bacterial\-upstream_analysis\/results\/annotation\/SRR33893847\.IS\.tmp\.373517\.faa | parallel --gnu --plain -j 8 --block 129900 --recstart '>' --pipe blastp -query - -db /home/rayhan-sikdar/prokka/db/kingdom/Bacteria/IS -evalue 1e-30 -qcov_hsp_perc 90 -num_threads 1 -num_descriptions 1 -num_alignments 1 -seg no > \/home\/rayhan\-sikdar\/bacterial\-upstream_analysis\/results\/annotation\/SRR33893847\.IS\.tmp\.373517\.blast 2> /dev/null
[14:09:19] Deleting unwanted file: /home/rayhan-sikdar/bacterial-upstream_analysis/results/annotation/SRR33893847.IS.tmp.373517.faa
[14:09:19] Deleting unwanted file: /home/rayhan-sikdar/bacterial-upstream_analysis/results/annotation/SRR33893847.IS.tmp.373517.blast
[14:09:20] There are still 6362 unannotated CDS left (started with 6379)
[14:09:20] Will use blast to search against /home/rayhan-sikdar/prokka/db/kingdom/Bacteria/AMR with 8 CPUs
[14:09:20] Running: cat \/home\/rayhan\-sikdar\/bacterial\-upstream_analysis\/results\/annotation\/SRR33893847\.AMR\.tmp\.373517\.faa | parallel --gnu --plain -j 8 --block 129482 --recstart '>' --pipe blastp -query - -db /home/rayhan-sikdar/prokka/db/kingdom/Bacteria/AMR -evalue 1e-300 -qcov_hsp_perc 90 -num_threads 1 -num_descriptions 1 -num_alignments 1 -seg no > \/home\/rayhan\-sikdar\/bacterial\-upstream_analysis\/results\/annotation\/SRR33893847\.AMR\.tmp\.373517\.blast 2> /dev/null
[14:09:35] Deleting unwanted file: /home/rayhan-sikdar/bacterial-upstream_analysis/results/annotation/SRR33893847.AMR.tmp.373517.faa
[14:09:35] Deleting unwanted file: /home/rayhan-sikdar/bacterial-upstream_analysis/results/annotation/SRR33893847.AMR.tmp.373517.blast
[14:09:36] There are still 6360 unannotated CDS left (started with 6379)
[14:09:36] Will use blast to search against /home/rayhan-sikdar/prokka/db/kingdom/Bacteria/sprot with 8 CPUs
[14:09:36] Running: cat \/home\/rayhan\-sikdar\/bacterial\-upstream_analysis\/results\/annotation\/SRR33893847\.sprot\.tmp\.373517\.faa | parallel --gnu --plain -j 8 --block 129349 --recstart '>' --pipe blastp -query - -db /home/rayhan-sikdar/prokka/db/kingdom/Bacteria/sprot -evalue 1e-09 -qcov_hsp_perc 80 -num_threads 1 -num_descriptions 1 -num_alignments 1 -seg no > \/home\/rayhan\-sikdar\/bacterial\-upstream_analysis\/results\/annotation\/SRR33893847\.sprot\.tmp\.373517\.blast 2> /dev/null
[14:11:24] Modify product: Probable allantoin permease => putative allantoin permease
[14:11:24] Modify product: Uncharacterized HTH-type transcriptional regulator YxaF => putative HTH-type transcriptional regulator YxaF
[14:11:24] Modify product: Probable RNA polymerase sigma factor FecI => putative RNA polymerase sigma factor FecI
[14:11:24] Modify product: Uncharacterized GST-like protein YibF => putative GST-like protein YibF
[14:11:24] Modify product: Probable acyltransferase YihG => putative acyltransferase YihG
[14:11:24] Modify product: Probable transport protein HsrA => putative transport protein HsrA
[14:11:24] Modify product: Probable allantoin permease => putative allantoin permease
[14:11:24] Modify product: Cytochrome b561 homolog 2 => Cytochrome b561 
[14:11:24] Modify product: UPF0301 protein AlgH => hypothetical protein
[14:11:24] Modify product: Putative cystathionine beta-synthase Rv1077 => Putative cystathionine beta-synthase
[14:11:24] Modify product: UPF0235 protein YggU => hypothetical protein
[14:11:24] Modify product: Uncharacterized protein PA3922 => putative protein
[14:11:24] Modify product: UPF0382 membrane protein YwdK => hypothetical protein
[14:11:25] Modify product: Uncharacterized zinc protease Rv2782c => putative zinc protease
[14:11:25] Modify product: Uncharacterized GMC-type oxidoreductase Rv0492c => putative GMC-type oxidoreductase
[14:11:25] Modify product: Uncharacterized membrane protein NMB1645 => putative membrane protein
[14:11:25] Modify product: Probable phosphatase Rv3661 => putative phosphatase
[14:11:25] Modify product: UPF0339 protein YegP => hypothetical protein
[14:11:25] Modify product: Uncharacterized protein YjiK => putative protein YjiK
[14:11:25] Modify product: Uncharacterized protein YjiK => putative protein YjiK
[14:11:25] Modify product: Uncharacterized protein YcgM => putative protein YcgM
[14:11:25] Modify product: Uncharacterized FAD-linked oxidoreductase Rv2280 => putative FAD-linked oxidoreductase
[14:11:25] Modify product: Probable hydrolase YcaC => putative hydrolase YcaC
[14:11:25] Modify product: NAD(P)H-dependent FMN reductase PA1204 => NAD(P)H-dependent FMN reductase
[14:11:25] Modify product: Uncharacterized HTH-type transcriptional regulator YxaF => putative HTH-type transcriptional regulator YxaF
[14:11:25] Modify product: Probable trans-3-hydroxy-L-proline dehydratase => putative trans-3-hydroxy-L-proline dehydratase
[14:11:25] Modify product: Probable RNA polymerase sigma factor FecI => putative RNA polymerase sigma factor FecI
[14:11:25] Modify product: Probable TonB-dependent receptor BfrD => putative TonB-dependent receptor BfrD
[14:11:25] Modify product: Uncharacterized protein YybH => putative protein YybH
[14:11:25] Modify product: UPF0053 inner membrane protein YoaE => hypothetical protein
[14:11:25] Modify product: Fanconi-associated nuclease 1 homolog => Fanconi-associated nuclease 1 
[14:11:25] Modify product: Uncharacterized protein HI_0341 => putative protein
[14:11:25] Modify product: Probable protease SohB => putative protease SohB
[14:11:25] Modify product: Probable membrane transporter protein YfcA => putative membrane transporter protein YfcA
[14:11:25] Modify product: Uncharacterized ABC transporter ATP-binding protein YejF => putative ABC transporter ATP-binding protein YejF
[14:11:25] Modify product: Bifunctional protein FolD => Bifunctional protein FolD protein
[14:11:25] Modify product: Probable transcriptional regulatory protein pdtaR => putative transcriptional regulatory protein pdtaR
[14:11:25] Modify product: Putative acyltransferase Rv0859 => Putative acyltransferase
[14:11:25] Modify product: Uncharacterized protein Rv2569c => putative protein
[14:11:25] Modify product: Uncharacterized protein Rv2411c => putative protein
[14:11:25] Modify product: Uncharacterized signaling protein PA1727 => putative signaling protein
[14:11:25] Modify product: Probable ATP synthase YscN => putative ATP synthase YscN
[14:11:25] Modify product: Probable bifunctional transcriptional activator/DNA repair enzyme AlkA => putative bifunctional transcriptional activator/DNA repair enzyme AlkA
[14:11:25] Modify product: Probable 3-phenylpropionic acid transporter => putative 3-phenylpropionic acid transporter
[14:11:25] Modify product: Probable DNA endonuclease SmrA => putative DNA endonuclease SmrA
[14:11:25] Modify product: PKHD-type hydroxylase Sbal_3634 => PKHD-type hydroxylase
[14:11:25] Modify product: Probable TonB-dependent receptor BfrD => putative TonB-dependent receptor BfrD
[14:11:25] Modify product: UPF0307 protein PSPTO_4464 => hypothetical protein
[14:11:25] Modify product: GTP cyclohydrolase 1 type 2 homolog => GTP cyclohydrolase 1 type 2 
[14:11:25] Modify product: Probable peptidoglycan glycosyltransferase FtsW => putative peptidoglycan glycosyltransferase FtsW
[14:11:25] Modify product: Probable protein kinase UbiB => putative protein kinase UbiB
[14:11:25] Modify product: Probable allantoin permease => putative allantoin permease
[14:11:25] Modify product: Uncharacterized protein YibN => putative protein YibN
[14:11:25] Modify product: Probable Fe(2+)-trafficking protein => putative Fe(2+)-trafficking protein
[14:11:25] Modify product: Uncharacterized oxidoreductase YdgJ => putative oxidoreductase YdgJ
[14:11:25] Modify product: Uncharacterized oxidoreductase Rv2900c => putative oxidoreductase
[14:11:25] Modify product: UPF0056 inner membrane protein MarC => hypothetical protein
[14:11:25] Modify product: UPF0111 protein HI_1603 => hypothetical protein
[14:11:25] Modify product: Probable binding protein component of ABC iron transporter PA5217 => putative binding protein component of ABC iron transporter
[14:11:25] Modify product: UPF0178 protein YaiI => hypothetical protein
[14:11:25] Modify product: UPF0053 inner membrane protein YgdQ => hypothetical protein
[14:11:25] Modify product: Uncharacterized ABC transporter ATP-binding protein YheS => putative ABC transporter ATP-binding protein YheS
[14:11:25] Modify product: Probable multidrug resistance protein EmrK => putative multidrug resistance protein EmrK
[14:11:25] Modify product: UPF0758 protein => hypothetical protein
[14:11:25] Modify product: Stress response UPF0229 protein YhbH => hypothetical protein
[14:11:25] Modify product: Probable glycerol-3-phosphate acyltransferase => putative glycerol-3-phosphate acyltransferase
[14:11:25] Modify product: Uncharacterized protein YqeY => putative protein YqeY
[14:11:25] Modify product: Uncharacterized protein HI_0933 => putative protein
[14:11:25] Modify product: Uncharacterized methyltransferase Rv3342 => putative methyltransferase
[14:11:25] Modify product: Uncharacterized protein YqcC => putative protein YqcC
[14:11:25] Modify product: Uncharacterized protein Rv2004c => putative protein
[14:11:25] Modify product: UPF0337 protein PA4738 => hypothetical protein
[14:11:25] Modify product: RNA-binding protein HI_1333 => RNA-binding protein
[14:11:25] Modify product: UPF0125 protein HI_0395 => hypothetical protein
[14:11:25] Modify product: Probable amino-acid metabolite efflux pump => putative amino-acid metabolite efflux pump
[14:11:25] Modify product: Cyclic di-GMP phosphodiesterase PA4781 => Cyclic di-GMP phosphodiesterase
[14:11:25] Modify product: Uncharacterized inner membrane transporter YedA => putative inner membrane transporter YedA
[14:11:25] Modify product: Uncharacterized protein Rv2277c => putative protein
[14:11:25] Modify product: Protein FdhE homolog => Protein FdhE 
[14:11:25] Modify product: Uncharacterized glycosyltransferase sll0501 => putative glycosyltransferase
[14:11:25] Modify product: UPF0073 inner membrane protein YqfA => hypothetical protein
[14:11:25] Modify product: Uncharacterized protein YciH => putative protein YciH
[14:11:25] Modify product: Uncharacterized Nudix hydrolase YfcD => putative Nudix hydrolase YfcD
[14:11:25] Modify product: UPF0056 inner membrane protein YhgN => hypothetical protein
[14:11:25] Modify product: Uncharacterized protein YbiI => putative protein YbiI
[14:11:25] Modify product: Uncharacterized MFS-type transporter YcaD => putative MFS-type transporter YcaD
[14:11:25] Modify product: Probable RNA polymerase sigma factor FecI => putative RNA polymerase sigma factor FecI
[14:11:25] Modify product: Probable D-xylose utilization operon transcriptional repressor => putative D-xylose utilization operon transcriptional repressor
[14:11:25] Modify product: Uncharacterized protein Rv2569c => putative protein
[14:11:25] Modify product: Uncharacterized protein Rv2567 => putative protein
[14:11:25] Modify product: Probable 2-ketoarginine decarboxylase AruI => putative 2-ketoarginine decarboxylase AruI
[14:11:25] Modify product: Multidrug transporter PA4990 => Multidrug transporter
[14:11:25] Modify product: Probable FAD-dependent oxidoreductase PA4991 => putative FAD-dependent oxidoreductase
[14:11:25] Modify product: Uncharacterized HTH-type transcriptional regulator Rv1395 => putative HTH-type transcriptional regulator
[14:11:25] Modify product: Probable transporter SCO4007 => putative transporter
[14:11:25] Modify product: Uncharacterized isomerase YddE => putative isomerase YddE
[14:11:25] Modify product: Uncharacterized HTH-type transcriptional regulator Rv3095 => putative HTH-type transcriptional regulator
[14:11:25] Modify product: Uncharacterized FAD-linked oxidoreductase Rv2280 => putative FAD-linked oxidoreductase
[14:11:25] Modify product: Probable 2-ketoarginine decarboxylase AruI => putative 2-ketoarginine decarboxylase AruI
[14:11:25] Modify product: Probable cation-transporting ATPase F => putative cation-transporting ATPase F
[14:11:25] Modify product: Uncharacterized amino acid permease YhdG => putative amino acid permease YhdG
[14:11:25] Modify product: Urea transporter DVU1160 => Urea transporter
[14:11:25] Modify product: Stringent starvation protein A homolog => Stringent starvation protein A 
[14:11:25] Modify product: Probable L,D-transpeptidase YbiS => putative L,D-transpeptidase YbiS
[14:11:25] Modify product: Uncharacterized HTH-type transcriptional regulator YahB => putative HTH-type transcriptional regulator YahB
[14:11:25] Modify product: Probable 2,4-dienoyl-CoA reductase => putative 2,4-dienoyl-CoA reductase
[14:11:25] Modify product: Probable manganese efflux pump MntP => putative manganese efflux pump MntP
[14:11:25] Modify product: Probable metallo-hydrolase BURPS1710b_2304 => putative metallo-hydrolase
[14:11:25] Modify product: Uncharacterized metal-dependent hydrolase YcfH => putative metal-dependent hydrolase YcfH
[14:11:25] Modify product: Putative low molecular weight protein-tyrosine-phosphatase slr0328 => Putative low molecular weight protein-tyrosine-phosphatase
[14:11:25] Modify product: UPF0434 protein PFL_1779 => hypothetical protein
[14:11:25] Modify product: Universal stress protein A homolog 2 => Universal stress protein A 
[14:11:25] Modify product: Uncharacterized protein YcbX => putative protein YcbX
[14:11:25] Modify product: Probable lipid kinase YegS => putative lipid kinase YegS
[14:11:25] Modify product: Uncharacterized FAD-linked oxidoreductase Rv2280 => putative FAD-linked oxidoreductase
[14:11:25] Modify product: Uncharacterized HTH-type transcriptional regulator YxaF => putative HTH-type transcriptional regulator YxaF
[14:11:25] Modify product: Uncharacterized protein YqjD => putative protein YqjD
[14:11:25] Modify product: Uncharacterized protein HI_0341 => putative protein
[14:11:25] Modify product: Probable efflux pump outer membrane protein TtgC => putative efflux pump outer membrane protein TtgC
[14:11:25] Modify product: Probable ribonucleotide transport ATP-binding protein mkl => putative ribonucleotide transport ATP-binding protein mkl
[14:11:25] Modify product: UPF0758 protein => hypothetical protein
[14:11:25] Modify product: Uncharacterized protein PA3922 => putative protein
[14:11:25] Modify product: Uncharacterized HTH-type transcriptional regulator Rv1395 => putative HTH-type transcriptional regulator
[14:11:25] Modify product: Uncharacterized isomerase YddE => putative isomerase YddE
[14:11:25] Modify product: Ribonuclease TTHA0252 => Ribonuclease
[14:11:25] Modify product: UPF0394 inner membrane protein YedE => hypothetical protein
[14:11:25] Modify product: Uncharacterized protein M6_Spy0233 => putative protein
[14:11:25] Modify product: Probable biofilm formation methyltransferase WspC => putative biofilm formation methyltransferase WspC
[14:11:25] Modify product: Uncharacterized protein YaeQ => putative protein YaeQ
[14:11:25] Modify product: Phage shock protein A homolog => Phage shock protein A 
[14:11:25] Modify product: UPF0053 inner membrane protein YfjD => hypothetical protein
[14:11:25] Modify product: GTP cyclohydrolase 1 type 2 homolog => GTP cyclohydrolase 1 type 2 
[14:11:25] Modify product: UPF0070 protein HI_0370 => hypothetical protein
[14:11:25] Modify product: Co-chaperone protein HscB homolog => Co-chaperone protein HscB 
[14:11:25] Modify product: Probable cyclic di-GMP phosphodiesterase PdeG => putative cyclic di-GMP phosphodiesterase PdeG
[14:11:25] Modify product: Zinc-type alcohol dehydrogenase-like protein SA1988 => Zinc-type alcohol dehydrogenase-like protein
[14:11:25] Modify product: Probable transcriptional regulator PhnF => putative transcriptional regulator PhnF
[14:11:25] Modify product: Probable ABC transporter binding protein NosD => putative ABC transporter binding protein NosD
[14:11:25] Modify product: Probable ABC transporter ATP-binding protein NosF => putative ABC transporter ATP-binding protein NosF
[14:11:25] Modify product: Probable ABC transporter permease protein NosY => putative ABC transporter permease protein NosY
[14:11:25] Modify product: Probable RNA polymerase sigma factor FecI => putative RNA polymerase sigma factor FecI
[14:11:25] Modify product: Uncharacterized protein PA3922 => putative protein
[14:11:25] Modify product: Putative short-chain type dehydrogenase/reductase Rv0148 => Putative short-chain type dehydrogenase/reductase
[14:11:25] Modify product: Uncharacterized protein PA3435 => putative protein
[14:11:25] Modify product: UPF0502 protein PSPTO_2686 => hypothetical protein
[14:11:25] Modify product: UPF0270 protein PA3463 => hypothetical protein
[14:11:25] Modify product: Uncharacterized protein YyaP => putative protein YyaP
[14:11:25] Modify product: UPF0053 inner membrane protein YgdQ => hypothetical protein
[14:11:26] Modify product: UPF0056 inner membrane protein YhgN => hypothetical protein
[14:11:26] Modify product: Probable GTP-binding protein EngB => putative GTP-binding protein EngB
[14:11:26] Modify product: Probable chromosome-partitioning protein ParB => putative chromosome-partitioning protein ParB
[14:11:26] Modify product: Probable sulfate transporter Rv1739c => putative sulfate transporter
[14:11:26] Modify product: Probable nitrate reductase molybdenum cofactor assembly chaperone NarW => putative nitrate reductase molybdenum cofactor assembly chaperone NarW
[14:11:26] Modify product: Probable amino-acid metabolite efflux pump => putative amino-acid metabolite efflux pump
[14:11:26] Modify product: Probable RNA polymerase sigma factor FecI => putative RNA polymerase sigma factor FecI
[14:11:26] Modify product: Uncharacterized protease YhbU => putative protease YhbU
[14:11:26] Modify product: UPF0234 protein XC_3703 => hypothetical protein
[14:11:26] Modify product: Probable [Fe-S]-dependent transcriptional repressor => putative [Fe-S]-dependent transcriptional repressor
[14:11:26] Modify product: Probable cardiolipin synthase YwiE => putative cardiolipin synthase YwiE
[14:11:26] Modify product: Probable quorum-quenching lactonase YtnP => putative quorum-quenching lactonase YtnP
[14:11:26] Modify product: Uncharacterized zinc-type alcohol dehydrogenase-like protein YdjJ => putative zinc-type alcohol dehydrogenase-like protein YdjJ
[14:11:26] Modify product: Cyclic di-GMP phosphodiesterase PA4108 => Cyclic di-GMP phosphodiesterase
[14:11:26] Modify product: Probable major fimbrial subunit LpfA => putative major fimbrial subunit LpfA
[14:11:26] Modify product: Probable fimbrial chaperone YadV => putative fimbrial chaperone YadV
[14:11:26] Modify product: Probable fimbrial chaperone YadV => putative fimbrial chaperone YadV
[14:11:26] Modify product: Uncharacterized ABC transporter ATP-binding protein Rv0986 => putative ABC transporter ATP-binding protein
[14:11:26] Modify product: Riboflavin biosynthesis protein VVA0006 => Riboflavin biosynthesis protein
[14:11:26] Modify product: Putative universal stress protein SA1532 => Putative universal stress protein
[14:11:26] Modify product: Uncharacterized signaling protein PA1727 => putative signaling protein
[14:11:26] Modify product: Probable ABC transporter phosphite binding protein PhnD1 => putative ABC transporter phosphite binding protein PhnD1
[14:11:26] Modify product: Probable oxidoreductase EphD => putative oxidoreductase EphD
[14:11:26] Modify product: Uncharacterized PhzA/B-like protein PA3332 => putative PhzA/B-like protein
[14:11:26] Modify product: STAS-domain containing protein PA14_20770 => STAS-domain containing protein
[14:11:26] Modify product: Cytochrome b561 homolog 1 => Cytochrome b561 
[14:11:26] Modify product: Uncharacterized protein YfgD => putative protein YfgD
[14:11:26] Modify product: Uncharacterized protein HI_1349 => putative protein
[14:11:26] Modify product: Probable RNA polymerase sigma factor FecI => putative RNA polymerase sigma factor FecI
[14:11:26] Modify product: Uncharacterized MFS-type transporter EfpA => putative MFS-type transporter EfpA
[14:11:26] Modify product: Uncharacterized ABC transporter ATP-binding protein YejF => putative ABC transporter ATP-binding protein YejF
[14:11:26] Modify product: Phosphorylated carbohydrates phosphatase TM_1254 => Phosphorylated carbohydrates phosphatase
[14:11:26] Modify product: Probable 3-phenylpropionic acid transporter => putative 3-phenylpropionic acid transporter
[14:11:26] Modify product: Probable RNA polymerase sigma factor FecI => putative RNA polymerase sigma factor FecI
[14:11:26] Modify product: Uncharacterized HTH-type transcriptional regulator Rv1395 => putative HTH-type transcriptional regulator
[14:11:26] Modify product: Putative hydro-lyase PSPTO_5379 => Putative hydro-lyase
[14:11:26] Modify product: Uncharacterized protein YbdM => putative protein YbdM
[14:11:26] Modify product: Probable fimbrial chaperone YadV => putative fimbrial chaperone YadV
[14:11:26] Modify product: Probable outer membrane usher protein ElfC => putative outer membrane usher protein ElfC
[14:11:26] Modify product: Probable fimbrial chaperone YraI => putative fimbrial chaperone YraI
[14:11:26] Modify product: Probable zinc-binding alcohol dehydrogenase Rv1895 => putative zinc-binding alcohol dehydrogenase
[14:11:26] Modify product: Glycogen operon protein GlgX homolog => Glycogen operon protein GlgX 
[14:11:26] Modify product: Probable cyclic di-GMP phosphodiesterase PdeB => putative cyclic di-GMP phosphodiesterase PdeB
[14:11:26] Modify product: Probable galactarate transporter => putative galactarate transporter
[14:11:26] Modify product: Uncharacterized oxidoreductase MSMEG_2408/MSMEI_2347 => putative oxidoreductase/MSMEI_2347
[14:11:26] Modify product: Uncharacterized protein Rv0887c => putative protein
[14:11:26] Modify product: Probable D-xylose utilization operon transcriptional repressor => putative D-xylose utilization operon transcriptional repressor
[14:11:26] Modify product: Probable TonB-dependent receptor NMB0964 => putative TonB-dependent receptor
[14:11:26] Modify product: Uncharacterized protein Rv1708 => putative protein
[14:11:26] Modify product: Uncharacterized protein PA3922 => putative protein
[14:11:26] Modify product: Probable FMNH2-dependent monooxygenase SfnC => putative FMNH2-dependent monooxygenase SfnC
[14:11:26] Modify product: Acetyltransferase PA3944 => Acetyltransferase
[14:11:26] Modify product: Acetyltransferase PA3944 => Acetyltransferase
[14:11:26] Modify product: Probable phosphite transport system-binding protein PtxB => putative phosphite transport system-binding protein PtxB
[14:11:26] Modify product: Putative esterase HI_1161 => Putative esterase
[14:11:26] Modify product: UPF0250 protein YbeD => hypothetical protein
[14:11:26] Modify product: Probable nicotinate-nucleotide adenylyltransferase => putative nicotinate-nucleotide adenylyltransferase
[14:11:26] Modify product: Probable enoyl-CoA hydratase 1 => putative enoyl-CoA hydratase 1
[14:11:26] Modify product: Acetyltransferase SACOL1063 => Acetyltransferase
[14:11:26] Modify product: Uncharacterized HTH-type transcriptional regulator HI_1476 => putative HTH-type transcriptional regulator
[14:11:26] Modify product: UPF0758 protein => hypothetical protein
[14:11:26] Modify product: Uncharacterized HTH-type transcriptional regulator Rv1395 => putative HTH-type transcriptional regulator
[14:11:26] Modify product: Probable lipoprotein YiaD => putative lipoprotein YiaD
[14:11:26] Modify product: Probable acyltransferase YihG => putative acyltransferase YihG
[14:11:26] Modify product: Virulence protein STM3117 => Virulence protein
[14:11:26] Modify product: UPF0758 protein => hypothetical protein
[14:11:26] Modify product: Putative multidrug export ATP-binding/permease protein SAV1866 => Putative multidrug export ATP-binding/permease protein
[14:11:26] Modify product: DNA-binding protein VF_0530 => DNA-binding protein
[14:11:26] Modify product: UPF0225 protein YchJ => hypothetical protein
[14:11:26] Modify product: UPF0126 inner membrane protein YicG => hypothetical protein
[14:11:26] Modify product: Probable fimbrial chaperone YadV => putative fimbrial chaperone YadV
[14:11:26] Modify product: Probable RNA polymerase sigma factor FecI => putative RNA polymerase sigma factor FecI
[14:11:26] Modify product: Uncharacterized transporter YycB => putative transporter YycB
[14:11:26] Modify product: Uncharacterized protein YnbD => putative protein YnbD
[14:11:26] Modify product: Uncharacterized protein YnbC => putative protein YnbC
[14:11:26] Modify product: Uncharacterized oxidoreductase Rv1144 => putative oxidoreductase
[14:11:26] Modify product: UPF0758 protein => hypothetical protein
[14:11:26] Modify product: UPF0153 protein YeiW => hypothetical protein
[14:11:26] Modify product: Probable copper-importing P-type ATPase A => putative copper-importing P-type ATPase A
[14:11:26] Modify product: UPF0167 protein Rv2295 => hypothetical protein
[14:11:26] Modify product: Probable xanthine dehydrogenase subunit D => putative xanthine dehydrogenase subunit D
[14:11:26] Modify product: Probable RNA polymerase sigma factor FecI => putative RNA polymerase sigma factor FecI
[14:11:26] Modify product: Probable FMNH2-dependent monooxygenase SfnC => putative FMNH2-dependent monooxygenase SfnC
[14:11:26] Modify product: Probable FMNH2-dependent monooxygenase SfnC => putative FMNH2-dependent monooxygenase SfnC
[14:11:26] Modify product: Probable sugar-binding periplasmic protein => putative sugar-binding periplasmic protein
[14:11:26] Modify product: Uncharacterized protein YciO => putative protein YciO
[14:11:26] Modify product: Probable intracellular septation protein A => putative intracellular septation protein A
[14:11:26] Modify product: Probable ribonucleotide transport ATP-binding protein mkl => putative ribonucleotide transport ATP-binding protein mkl
[14:11:26] Modify product: Probable chaperone CsaA => putative chaperone CsaA
[14:11:26] Modify product: Putative multidrug export ATP-binding/permease protein SAV1866 => Putative multidrug export ATP-binding/permease protein
[14:11:26] Modify product: Probable M18 family aminopeptidase 2 => putative M18 family aminopeptidase 2
[14:11:26] Modify product: Probable phosphatase Rv3661 => putative phosphatase
[14:11:26] Modify product: UPF0060 membrane protein YnfA => hypothetical protein
[14:11:26] Modify product: UPF0276 protein CCNA_03364 => hypothetical protein
[14:11:26] Modify product: Probable lipid II flippase MurJ => putative lipid II flippase MurJ
[14:11:26] Modify product: Uncharacterized ABC transporter ATP-binding protein YknY => putative ABC transporter ATP-binding protein YknY
[14:11:26] Modify product: Cyclic diguanosine monophosphate-binding protein PA4608 => Cyclic diguanosine monophosphate-binding protein
[14:11:26] Modify product: Acetyltransferase PA2578 => Acetyltransferase
[14:11:26] Modify product: Uncharacterized amino acid permease YhdG => putative amino acid permease YhdG
[14:11:26] Modify product: Uncharacterized protein PA14_02130 => putative protein
[14:11:26] Modify product: Purine-binding protein BAB2_0673 => Purine-binding protein
[14:11:26] Modify product: Probable GABA permease => putative GABA permease
[14:11:26] Modify product: Uncharacterized HTH-type transcriptional regulator Rv3095 => putative HTH-type transcriptional regulator
[14:11:26] Modify product: Probable formaldehyde dehydrogenase AdhA => putative formaldehyde dehydrogenase AdhA
[14:11:26] Modify product: Probable peptidoglycan D,D-transpeptidase PbpC => putative peptidoglycan D,D-transpeptidase PbpC
[14:11:26] Modify product: UPF0276 protein CCNA_03000 => hypothetical protein
[14:11:26] Modify product: Uncharacterized protein PA14_35840 => putative protein
[14:11:26] Modify product: Uncharacterized protein PA3922 => putative protein
[14:11:27] Modify product: Probable sulfate transporter Rv1739c => putative sulfate transporter
[14:11:27] Modify product: Uncharacterized NTE family protein Rv1063c => putative NTE family protein
[14:11:27] Modify product: Uncharacterized transporter YycB => putative transporter YycB
[14:11:27] Modify product: Putative esterase PA1618 => Putative esterase
[14:11:27] Modify product: Uncharacterized HTH-type transcriptional regulator Rv3095 => putative HTH-type transcriptional regulator
[14:11:27] Modify product: Probable RNA 2'-phosphotransferase => putative RNA 2'-phosphotransferase
[14:11:27] Modify product: Uncharacterized protein PA0049 => putative protein
[14:11:27] Modify product: Putative lipoprotein NMB1124/NMB1162 => Putative lipoprotein/NMB1162
[14:11:27] Modify product: Putative lipoprotein NMB1126/NMB1164 => Putative lipoprotein/NMB1164
[14:11:27] Modify product: Uncharacterized MFS-type transporter YhhS => putative MFS-type transporter YhhS
[14:11:27] Modify product: Probable succinyl-CoA:3-ketoacid coenzyme A transferase subunit A => putative succinyl-CoA:3-ketoacid coenzyme A transferase subunit A
[14:11:27] Modify product: Probable succinyl-CoA:3-ketoacid coenzyme A transferase subunit B => putative succinyl-CoA:3-ketoacid coenzyme A transferase subunit B
[14:11:27] Modify product: Uncharacterized protein YjiK => putative protein YjiK
[14:11:27] Modify product: Uncharacterized protein Rv2895c => putative protein
[14:11:27] Modify product: UPF0761 membrane protein YihY => hypothetical protein
[14:11:27] Modify product: Uncharacterized protein YqjD => putative protein YqjD
[14:11:27] Modify product: Uncharacterized isomerase YddE => putative isomerase YddE
[14:11:27] Modify product: Probable RNA polymerase sigma factor FecI => putative RNA polymerase sigma factor FecI
[14:11:27] Modify product: Uncharacterized HTH-type transcriptional regulator Rv3095 => putative HTH-type transcriptional regulator
[14:11:27] Modify product: Probable hydrolase YcaC => putative hydrolase YcaC
[14:11:27] Modify product: NADH dehydrogenase-like protein MT1860 => NADH dehydrogenase-like protein
[14:11:27] Modify product: Epimerase family protein SA0724 => Epimerase family protein
[14:11:27] Modify product: Probable undecaprenyl-phosphate N-acetylglucosaminyl 1-phosphate transferase => putative undecaprenyl-phosphate N-acetylglucosaminyl 1-phosphate transferase
[14:11:27] Modify product: Uncharacterized oxidoreductase YciK => putative oxidoreductase YciK
[14:11:27] Modify product: UPF0053 inner membrane protein YgdQ => hypothetical protein
[14:11:27] Modify product: Probable xanthine dehydrogenase subunit A => putative xanthine dehydrogenase subunit A
[14:11:27] Modify product: Uncharacterized oxidoreductase Rv1350 => putative oxidoreductase
[14:11:27] Modify product: Probable alginate O-acetylase AlgJ => putative alginate O-acetylase AlgJ
[14:11:27] Modify product: Probable 4-deoxy-4-formamido-L-arabinose-phosphoundecaprenol deformylase ArnD => putative 4-deoxy-4-formamido-L-arabinose-phosphoundecaprenol deformylase ArnD
[14:11:27] Modify product: Probable 4-amino-4-deoxy-L-arabinose-phosphoundecaprenol flippase subunit ArnF => putative 4-amino-4-deoxy-L-arabinose-phosphoundecaprenol flippase subunit ArnF
[14:11:27] Modify product: Uncharacterized metal-dependent hydrolase YjjV => putative metal-dependent hydrolase YjjV
[14:11:27] Modify product: Zinc-type alcohol dehydrogenase-like protein SA1988 => Zinc-type alcohol dehydrogenase-like protein
[14:11:27] Modify product: Cytochrome b561 homolog 1 => Cytochrome b561 
[14:11:27] Modify product: Uncharacterized MFS-type transporter YcaD => putative MFS-type transporter YcaD
[14:11:27] Modify product: UPF0758 protein YsxA => hypothetical protein
[14:11:27] Modify product: Uncharacterized HTH-type transcriptional regulator Rv1395 => putative HTH-type transcriptional regulator
[14:11:27] Modify product: UPF0701 protein HI_0467 => hypothetical protein
[14:11:27] Modify product: Uncharacterized FAD-linked oxidoreductase Rv2280 => putative FAD-linked oxidoreductase
[14:11:27] Modify product: Phosphate-specific transport system accessory protein PhoU homolog => Phosphate-specific transport system accessory protein PhoU 
[14:11:27] Modify product: Probable type II secretion system protein HxcR => putative type II secretion system protein HxcR
[14:11:27] Modify product: Uncharacterized ABC transporter ATP-binding protein YbiT => putative ABC transporter ATP-binding protein YbiT
[14:11:27] Modify product: Probable RNA polymerase sigma factor FecI => putative RNA polymerase sigma factor FecI
[14:11:27] Modify product: Probable diguanylate cyclase DgcE => putative diguanylate cyclase DgcE
[14:11:27] Modify product: Uncharacterized HTH-type transcriptional regulator Rv1395 => putative HTH-type transcriptional regulator
[14:11:27] Modify product: Uncharacterized acyl-CoA thioester hydrolase HI_0827 => putative acyl-CoA thioester hydrolase
[14:11:27] Modify product: UPF0324 inner membrane protein YeiH => hypothetical protein
[14:11:27] Modify product: Probable cardiolipin synthase YwiE => putative cardiolipin synthase YwiE
[14:11:27] Modify product: Probable N-methylproline demethylase => putative N-methylproline demethylase
[14:11:27] Modify product: USG-1 protein homolog => USG-1 protein 
[14:11:27] Modify product: Uncharacterized methyltransferase YcgJ => putative methyltransferase YcgJ
[14:11:27] Modify product: Uncharacterized oxidoreductase YgfF => putative oxidoreductase YgfF
[14:11:27] Modify product: Uncharacterized protein YbiI => putative protein YbiI
[14:11:27] Modify product: Uncharacterized ABC transporter ATP-binding protein YadG => putative ABC transporter ATP-binding protein YadG
[14:11:27] Modify product: Probable chromate transport protein => putative chromate transport protein
[14:11:27] Modify product: Uncharacterized protein PA14_33160 => putative protein
[14:11:27] Modify product: Uncharacterized transporter YycB => putative transporter YycB
[14:11:27] Modify product: Probable hydrolase YcaC => putative hydrolase YcaC
[14:11:27] Cleaned 313 /product names
[14:11:27] Deleting unwanted file: /home/rayhan-sikdar/bacterial-upstream_analysis/results/annotation/SRR33893847.sprot.tmp.373517.faa
[14:11:27] Deleting unwanted file: /home/rayhan-sikdar/bacterial-upstream_analysis/results/annotation/SRR33893847.sprot.tmp.373517.blast
[14:11:27] There are still 3095 unannotated CDS left (started with 6379)
[14:11:27] Will use hmmer3 to search against /home/rayhan-sikdar/prokka/db/hmm/HAMAP.hmm with 8 CPUs
[14:11:27] Running: cat \/home\/rayhan\-sikdar\/bacterial\-upstream_analysis\/results\/annotation\/SRR33893847\.HAMAP\.hmm\.tmp\.373517\.faa | parallel --gnu --plain -j 8 --block 55307 --recstart '>' --pipe hmmscan --noali --notextw --acc -E 1e-09 --cpu 1 /home/rayhan-sikdar/prokka/db/hmm/HAMAP.hmm /dev/stdin > \/home\/rayhan\-sikdar\/bacterial\-upstream_analysis\/results\/annotation\/SRR33893847\.HAMAP\.hmm\.tmp\.373517\.hmmer3 2> /dev/null
[14:11:55] Modify product: Uncharacterized Nudix hydrolase NudL => putative Nudix hydrolase NudL
[14:11:55] Modify product: Uncharacterized MFS-type transporter YcaD => putative MFS-type transporter YcaD
[14:11:55] Modify product: Uncharacterized MFS-type transporter YfcJ => putative MFS-type transporter YfcJ
[14:11:55] Cleaned 3 /product names
[14:11:55] Deleting unwanted file: /home/rayhan-sikdar/bacterial-upstream_analysis/results/annotation/SRR33893847.HAMAP.hmm.tmp.373517.faa
[14:11:55] Deleting unwanted file: /home/rayhan-sikdar/bacterial-upstream_analysis/results/annotation/SRR33893847.HAMAP.hmm.tmp.373517.hmmer3
[14:11:55] Labelling remaining 2725 proteins as 'hypothetical protein'
[14:11:55] Possible /pseudo 'Putative protein-methionine-sulfoxide reductase subunit YedZ1' at NODE_1_length_666630_cov_31.288498 position 208681
[14:11:55] Possible /pseudo 'putative protein' at NODE_1_length_666630_cov_31.288498 position 255613
[14:11:55] Possible /pseudo '3-methylmercaptopropionyl-CoA dehydrogenase' at NODE_2_length_429728_cov_31.326114 position 198495
[14:11:55] Possible /pseudo '3-methylmercaptopropionyl-CoA dehydrogenase' at NODE_2_length_429728_cov_31.326114 position 200504
[14:11:55] Possible /pseudo 'Twitching mobility protein' at NODE_2_length_429728_cov_31.326114 position 325055
[14:11:55] Possible /pseudo 'L-cystine transport system permease protein YecS' at NODE_3_length_361449_cov_26.644770 position 82850
[14:11:55] Possible /pseudo '3-oxoacyl-[acyl-carrier-protein] reductase FabG' at NODE_6_length_268080_cov_26.199125 position 84373
[14:11:55] Possible /pseudo 'HTH-type transcriptional regulator MalT' at NODE_6_length_268080_cov_26.199125 position 169396
[14:11:55] Possible /pseudo 'Periplasmic dipeptide transport protein' at NODE_7_length_248145_cov_30.124708 position 54131
[14:11:55] Possible /pseudo 'Homoprotocatechuate catabolism bifunctional isomerase/decarboxylase' at NODE_8_length_244780_cov_30.847346 position 140028
[14:11:55] Possible /pseudo 'Long-chain-fatty-acid--CoA ligase' at NODE_9_length_214282_cov_28.117061 position 8639
[14:11:55] Possible /pseudo 'Phosphate-import permease protein PhnE' at NODE_9_length_214282_cov_28.117061 position 29651
[14:11:55] Possible /pseudo 'D-inositol-3-phosphate glycosyltransferase' at NODE_10_length_210858_cov_32.703047 position 42158
[14:11:55] Possible /pseudo 'Acetyltransferase' at NODE_11_length_210199_cov_30.046540 position 109079
[14:11:55] Possible /pseudo 'Isocitrate dehydrogenase [NADP]' at NODE_12_length_201203_cov_27.639957 position 71244
[14:11:55] Possible /pseudo 'Putative aliphatic sulfonates-binding protein' at NODE_12_length_201203_cov_27.639957 position 133649
[14:11:55] Possible /pseudo 'Putative aliphatic sulfonates-binding protein' at NODE_12_length_201203_cov_27.639957 position 134741
[14:11:55] Possible /pseudo 'Porin D' at NODE_13_length_199321_cov_29.314293 position 173744
[14:11:55] Possible /pseudo 'Flagellar secretion chaperone FliS' at NODE_16_length_184884_cov_28.541614 position 60589
[14:11:55] Possible /pseudo 'HTH-type transcriptional regulator GltC' at NODE_18_length_175269_cov_31.439775 position 52420
[14:11:55] Possible /pseudo 'ISNCY family transposase ISBcen27' at NODE_19_length_170211_cov_25.806723 position 78908
[14:11:55] Possible /pseudo 'Nicotinate dehydrogenase subunit B' at NODE_20_length_165929_cov_27.009213 position 65808
[14:11:55] Possible /pseudo 'Dibenzothiophene desulfurization enzyme C' at NODE_21_length_130601_cov_24.349238 position 70531
[14:11:55] Possible /pseudo 'Mannuronan synthase' at NODE_24_length_108386_cov_28.842442 position 63849
[14:11:55] Possible /pseudo 'D-alanine--D-alanyl carrier protein ligase' at NODE_28_length_68693_cov_31.852702 position 51798
[14:11:55] Possible /pseudo 'L-carnitine dehydrogenase' at NODE_36_length_49065_cov_31.605393 position 18690
[14:11:55] Found 2425 unique /gene codes.
[14:11:55] Fixed 2 duplicate /gene - hcf136_1 hcf136_2
[14:11:55] Fixed 2 duplicate /gene - phnX_1 phnX_2
[14:11:55] Fixed 2 duplicate /gene - xcpX_1 xcpX_2
[14:11:55] Fixed 2 duplicate /gene - azoR_1 azoR_2
[14:11:55] Fixed 3 duplicate /gene - lgrD_1 lgrD_2 lgrD_3
[14:11:55] Fixed 4 duplicate /gene - copA_1 copA_2 copA_3 copA_4
[14:11:55] Fixed 2 duplicate /gene - proY_1 proY_2
[14:11:55] Fixed 5 duplicate /gene - lrp_1 lrp_2 lrp_3 lrp_4 lrp_5
[14:11:55] Fixed 4 duplicate /gene - crt_1 crt_2 crt_3 crt_4
[14:11:55] Fixed 2 duplicate /gene - lpxD_1 lpxD_2
[14:11:55] Fixed 2 duplicate /gene - bauA_1 bauA_2
[14:11:55] Fixed 2 duplicate /gene - iorB_1 iorB_2
[14:11:55] Fixed 3 duplicate /gene - ycaD_1 ycaD_2 ycaD_3
[14:11:55] Fixed 2 duplicate /gene - acrC_1 acrC_2
[14:11:55] Fixed 2 duplicate /gene - mexB_1 mexB_2
[14:11:55] Fixed 2 duplicate /gene - ubiJ_1 ubiJ_2
[14:11:55] Fixed 3 duplicate /gene - qseB_1 qseB_2 qseB_3
[14:11:55] Fixed 2 duplicate /gene - leuE_1 leuE_2
[14:11:55] Fixed 3 duplicate /gene - puuC_1 puuC_2 puuC_3
[14:11:55] Fixed 2 duplicate /gene - yjiA_1 yjiA_2
[14:11:55] Fixed 3 duplicate /gene - exuT_1 exuT_2 exuT_3
[14:11:55] Fixed 2 duplicate /gene - fecA_1 fecA_2
[14:11:55] Fixed 2 duplicate /gene - lepB_1 lepB_2
[14:11:55] Fixed 3 duplicate /gene - glpK_1 glpK_2 glpK_3
[14:11:55] Fixed 2 duplicate /gene - glpD_1 glpD_2
[14:11:55] Fixed 2 duplicate /gene - gshA_1 gshA_2
[14:11:55] Fixed 2 duplicate /gene - swrC_1 swrC_2
[14:11:55] Fixed 2 duplicate /gene - recB_1 recB_2
[14:11:55] Fixed 2 duplicate /gene - glpQ_1 glpQ_2
[14:11:55] Fixed 2 duplicate /gene - potD_1 potD_2
[14:11:55] Fixed 2 duplicate /gene - putP_1 putP_2
[14:11:55] Fixed 2 duplicate /gene - prmC_1 prmC_2
[14:11:55] Fixed 2 duplicate /gene - gcvP_1 gcvP_2
[14:11:55] Fixed 2 duplicate /gene - paaH_1 paaH_2
[14:11:55] Fixed 2 duplicate /gene - fdx_1 fdx_2
[14:11:55] Fixed 2 duplicate /gene - mgtA_1 mgtA_2
[14:11:55] Fixed 2 duplicate /gene - lemA_1 lemA_2
[14:11:55] Fixed 2 duplicate /gene - lldD_1 lldD_2
[14:11:55] Fixed 2 duplicate /gene - fadD_1 fadD_2
[14:11:55] Fixed 2 duplicate /gene - rutD_1 rutD_2
[14:11:55] Fixed 2 duplicate /gene - mscS_1 mscS_2
[14:11:55] Fixed 2 duplicate /gene - pcaB_1 pcaB_2
[14:11:55] Fixed 3 duplicate /gene - nudC_1 nudC_2 nudC_3
[14:11:55] Fixed 2 duplicate /gene - baeR_1 baeR_2
[14:11:55] Fixed 2 duplicate /gene - fliS_1 fliS_2
[14:11:55] Fixed 2 duplicate /gene - pyrC_1 pyrC_2
[14:11:55] Fixed 2 duplicate /gene - pcpD_1 pcpD_2
[14:11:55] Fixed 4 duplicate /gene - glnQ_1 glnQ_2 glnQ_3 glnQ_4
[14:11:55] Fixed 2 duplicate /gene - alsT_1 alsT_2
[14:11:55] Fixed 2 duplicate /gene - yiiM_1 yiiM_2
[14:11:55] Fixed 2 duplicate /gene - alkJ_1 alkJ_2
[14:11:55] Fixed 2 duplicate /gene - sir_1 sir_2
[14:11:55] Fixed 4 duplicate /gene - cspA_1 cspA_2 cspA_3 cspA_4
[14:11:55] Fixed 2 duplicate /gene - pqiA_1 pqiA_2
[14:11:55] Fixed 3 duplicate /gene - speE_1 speE_2 speE_3
[14:11:55] Fixed 5 duplicate /gene - menH_1 menH_2 menH_3 menH_4 menH_5
[14:11:55] Fixed 2 duplicate /gene - amiD_1 amiD_2
[14:11:55] Fixed 2 duplicate /gene - actIII_1 actIII_2
[14:11:55] Fixed 2 duplicate /gene - algU_1 algU_2
[14:11:55] Fixed 4 duplicate /gene - yfcG_1 yfcG_2 yfcG_3 yfcG_4
[14:11:55] Fixed 4 duplicate /gene - bepA_1 bepA_2 bepA_3 bepA_4
[14:11:55] Fixed 2 duplicate /gene - htpG_1 htpG_2
[14:11:55] Fixed 3 duplicate /gene - acpP_1 acpP_2 acpP_3
[14:11:55] Fixed 3 duplicate /gene - dltA_1 dltA_2 dltA_3
[14:11:55] Fixed 2 duplicate /gene - hpaB_1 hpaB_2
[14:11:55] Fixed 2 duplicate /gene - nicB_1 nicB_2
[14:11:55] Fixed 5 duplicate /gene - benM_1 benM_2 benM_3 benM_4 benM_5
[14:11:55] Fixed 2 duplicate /gene - lpxL_1 lpxL_2
[14:11:55] Fixed 2 duplicate /gene - hipO_1 hipO_2
[14:11:55] Fixed 2 duplicate /gene - rarD_1 rarD_2
[14:11:55] Fixed 3 duplicate /gene - fadB_1 fadB_2 fadB_3
[14:11:55] Fixed 2 duplicate /gene - pdeB_1 pdeB_2
[14:11:55] Fixed 10 duplicate /gene - oprD_1 oprD_2 oprD_3 oprD_4 oprD_5 oprD_6 oprD_7 oprD_8 oprD_9 oprD_10
[14:11:55] Fixed 2 duplicate /gene - rutB_1 rutB_2
[14:11:55] Fixed 3 duplicate /gene - macB_1 macB_2 macB_3
[14:11:55] Fixed 2 duplicate /gene - estB_1 estB_2
[14:11:55] Fixed 5 duplicate /gene - dppA_1 dppA_2 dppA_3 dppA_4 dppA_5
[14:11:55] Fixed 4 duplicate /gene - pcaK_1 pcaK_2 pcaK_3 pcaK_4
[14:11:55] Fixed 2 duplicate /gene - aprA_1 aprA_2
[14:11:55] Fixed 2 duplicate /gene - xcpP_1 xcpP_2
[14:11:55] Fixed 2 duplicate /gene - pyrG_1 pyrG_2
[14:11:55] Fixed 3 duplicate /gene - pxpC_1 pxpC_2 pxpC_3
[14:11:55] Fixed 2 duplicate /gene - adeP_1 adeP_2
[14:11:55] Fixed 3 duplicate /gene - hcaR_1 hcaR_2 hcaR_3
[14:11:55] Fixed 2 duplicate /gene - alyA_1 alyA_2
[14:11:55] Fixed 3 duplicate /gene - norR_1 norR_2 norR_3
[14:11:55] Fixed 2 duplicate /gene - aroH_1 aroH_2
[14:11:55] Fixed 2 duplicate /gene - lcdH_1 lcdH_2
[14:11:55] Fixed 3 duplicate /gene - czcS_1 czcS_2 czcS_3
[14:11:55] Fixed 2 duplicate /gene - fucA_1 fucA_2
[14:11:55] Fixed 2 duplicate /gene - lsrG_1 lsrG_2
[14:11:55] Fixed 2 duplicate /gene - def_1 def_2
[14:11:55] Fixed 5 duplicate /gene - argP_1 argP_2 argP_3 argP_4 argP_5
[14:11:55] Fixed 2 duplicate /gene - livH_1 livH_2
[14:11:55] Fixed 11 duplicate /gene - nicP_1 nicP_2 nicP_3 nicP_4 nicP_5 nicP_6 nicP_7 nicP_8 nicP_9 nicP_10 nicP_11
[14:11:55] Fixed 3 duplicate /gene - gloA_1 gloA_2 gloA_3
[14:11:55] Fixed 2 duplicate /gene - accA_1 accA_2
[14:11:55] Fixed 2 duplicate /gene - rtcB_1 rtcB_2
[14:11:55] Fixed 2 duplicate /gene - recD_1 recD_2
[14:11:55] Fixed 3 duplicate /gene - sfnC_1 sfnC_2 sfnC_3
[14:11:55] Fixed 7 duplicate /gene - cdhR_1 cdhR_2 cdhR_3 cdhR_4 cdhR_5 cdhR_6 cdhR_7
[14:11:55] Fixed 2 duplicate /gene - cadA_1 cadA_2
[14:11:55] Fixed 2 duplicate /gene - ghrB_1 ghrB_2
[14:11:55] Fixed 2 duplicate /gene - apxIB_1 apxIB_2
[14:11:55] Fixed 10 duplicate /gene - hdfR_1 hdfR_2 hdfR_3 hdfR_4 hdfR_5 hdfR_6 hdfR_7 hdfR_8 hdfR_9 hdfR_10
[14:11:55] Fixed 3 duplicate /gene - soxC_1 soxC_2 soxC_3
[14:11:55] Fixed 2 duplicate /gene - bvgS_1 bvgS_2
[14:11:55] Fixed 2 duplicate /gene - cefD_1 cefD_2
[14:11:55] Fixed 2 duplicate /gene - mltB_1 mltB_2
[14:11:55] Fixed 2 duplicate /gene - nirS_1 nirS_2
[14:11:55] Fixed 2 duplicate /gene - bcr_1 bcr_2
[14:11:55] Fixed 2 duplicate /gene - glmM_1 glmM_2
[14:11:55] Fixed 2 duplicate /gene - betB_1 betB_2
[14:11:55] Fixed 3 duplicate /gene - lgrB_1 lgrB_2 lgrB_3
[14:11:55] Fixed 2 duplicate /gene - gno_1 gno_2
[14:11:55] Fixed 2 duplicate /gene - lrpC_1 lrpC_2
[14:11:55] Fixed 2 duplicate /gene - prsD_1 prsD_2
[14:11:55] Fixed 3 duplicate /gene - algA_1 algA_2 algA_3
[14:11:55] Fixed 3 duplicate /gene - exbD_1 exbD_2 exbD_3
[14:11:55] Fixed 3 duplicate /gene - clpV1_1 clpV1_2 clpV1_3
[14:11:55] Fixed 2 duplicate /gene - tetC_1 tetC_2
[14:11:55] Fixed 2 duplicate /gene - iscS_1 iscS_2
[14:11:55] Fixed 4 duplicate /gene - czcR_1 czcR_2 czcR_3 czcR_4
[14:11:55] Fixed 2 duplicate /gene - cmoA_1 cmoA_2
[14:11:55] Fixed 2 duplicate /gene - nadE_1 nadE_2
[14:11:55] Fixed 2 duplicate /gene - yodB_1 yodB_2
[14:11:55] Fixed 2 duplicate /gene - bdlA_1 bdlA_2
[14:11:55] Fixed 2 duplicate /gene - panB_1 panB_2
[14:11:55] Fixed 2 duplicate /gene - mcpU_1 mcpU_2
[14:11:55] Fixed 2 duplicate /gene - gbsA_1 gbsA_2
[14:11:55] Fixed 2 duplicate /gene - clpX_1 clpX_2
[14:11:55] Fixed 2 duplicate /gene - rkpK_1 rkpK_2
[14:11:55] Fixed 2 duplicate /gene - gltI_1 gltI_2
[14:11:55] Fixed 2 duplicate /gene - dctM_1 dctM_2
[14:11:55] Fixed 4 duplicate /gene - gltR_1 gltR_2 gltR_3 gltR_4
[14:11:55] Fixed 2 duplicate /gene - icd_1 icd_2
[14:11:55] Fixed 2 duplicate /gene - cc4_1 cc4_2
[14:11:55] Fixed 2 duplicate /gene - yjiE_1 yjiE_2
[14:11:55] Fixed 2 duplicate /gene - ilvA_1 ilvA_2
[14:11:55] Fixed 2 duplicate /gene - epd_1 epd_2
[14:11:55] Fixed 2 duplicate /gene - qseC_1 qseC_2
[14:11:55] Fixed 11 duplicate /gene - puuB_1 puuB_2 puuB_3 puuB_4 puuB_5 puuB_6 puuB_7 puuB_8 puuB_9 puuB_10 puuB_11
[14:11:55] Fixed 3 duplicate /gene - acrB_1 acrB_2 acrB_3
[14:11:55] Fixed 2 duplicate /gene - iutA_1 iutA_2
[14:11:55] Fixed 2 duplicate /gene - xanP_1 xanP_2
[14:11:55] Fixed 3 duplicate /gene - dapH_1 dapH_2 dapH_3
[14:11:55] Fixed 2 duplicate /gene - glmS_1 glmS_2
[14:11:55] Fixed 2 duplicate /gene - yqjD_1 yqjD_2
[14:11:55] Fixed 2 duplicate /gene - hcp1_1 hcp1_2
[14:11:55] Fixed 3 duplicate /gene - aroP_1 aroP_2 aroP_3
[14:11:55] Fixed 2 duplicate /gene - lpxH_1 lpxH_2
[14:11:55] Fixed 3 duplicate /gene - emrB_1 emrB_2 emrB_3
[14:11:55] Fixed 6 duplicate /gene - ssuA_1 ssuA_2 ssuA_3 ssuA_4 ssuA_5 ssuA_6
[14:11:55] Fixed 4 duplicate /gene - arsC_1 arsC_2 arsC_3 arsC_4
[14:11:55] Fixed 4 duplicate /gene - cntO_1 cntO_2 cntO_3 cntO_4
[14:11:55] Fixed 2 duplicate /gene - atoC_1 atoC_2
[14:11:55] Fixed 2 duplicate /gene - bamA_1 bamA_2
[14:11:55] Fixed 3 duplicate /gene - ompR_1 ompR_2 ompR_3
[14:11:55] Fixed 2 duplicate /gene - hcaT_1 hcaT_2
[14:11:55] Fixed 7 duplicate /gene - mmgC_1 mmgC_2 mmgC_3 mmgC_4 mmgC_5 mmgC_6 mmgC_7
[14:11:55] Fixed 2 duplicate /gene - bvgA_1 bvgA_2
[14:11:55] Fixed 3 duplicate /gene - nagR_1 nagR_2 nagR_3
[14:11:55] Fixed 11 duplicate /gene - btuB_1 btuB_2 btuB_3 btuB_4 btuB_5 btuB_6 btuB_7 btuB_8 btuB_9 btuB_10 btuB_11
[14:11:55] Fixed 2 duplicate /gene - hupB_1 hupB_2
[14:11:55] Fixed 3 duplicate /gene - menB_1 menB_2 menB_3
[14:11:55] Fixed 2 duplicate /gene - czcA_1 czcA_2
[14:11:55] Fixed 4 duplicate /gene - spuE_1 spuE_2 spuE_3 spuE_4
[14:11:55] Fixed 2 duplicate /gene - ywiE_1 ywiE_2
[14:11:55] Fixed 2 duplicate /gene - acoR_1 acoR_2
[14:11:55] Fixed 2 duplicate /gene - lhgD_1 lhgD_2
[14:11:55] Fixed 2 duplicate /gene - phaC_1 phaC_2
[14:11:55] Fixed 3 duplicate /gene - csrA_1 csrA_2 csrA_3
[14:11:55] Fixed 3 duplicate /gene - fadH_1 fadH_2 fadH_3
[14:11:55] Fixed 3 duplicate /gene - glyA_1 glyA_2 glyA_3
[14:11:55] Fixed 2 duplicate /gene - arnT_1 arnT_2
[14:11:55] Fixed 4 duplicate /gene - amiC_1 amiC_2 amiC_3 amiC_4
[14:11:55] Fixed 5 duplicate /gene - puuP_1 puuP_2 puuP_3 puuP_4 puuP_5
[14:11:55] Fixed 2 duplicate /gene - hpcE_1 hpcE_2
[14:11:55] Fixed 4 duplicate /gene - proP_1 proP_2 proP_3 proP_4
[14:11:55] Fixed 2 duplicate /gene - fabR_1 fabR_2
[14:11:55] Fixed 8 duplicate /gene - fecR_1 fecR_2 fecR_3 fecR_4 fecR_5 fecR_6 fecR_7 fecR_8
[14:11:55] Fixed 2 duplicate /gene - hcnA_1 hcnA_2
[14:11:55] Fixed 3 duplicate /gene - bepF_1 bepF_2 bepF_3
[14:11:55] Fixed 2 duplicate /gene - moaB_1 moaB_2
[14:11:55] Fixed 3 duplicate /gene - pknD_1 pknD_2 pknD_3
[14:11:55] Fixed 11 duplicate /gene - fecI_1 fecI_2 fecI_3 fecI_4 fecI_5 fecI_6 fecI_7 fecI_8 fecI_9 fecI_10 fecI_11
[14:11:55] Fixed 8 duplicate /gene - pal_1 pal_2 pal_3 pal_4 pal_5 pal_6 pal_7 pal_8
[14:11:55] Fixed 4 duplicate /gene - ccoN1_1 ccoN1_2 ccoN1_3 ccoN1_4
[14:11:55] Fixed 2 duplicate /gene - opuAB_1 opuAB_2
[14:11:55] Fixed 2 duplicate /gene - cheW_1 cheW_2
[14:11:55] Fixed 2 duplicate /gene - yjcH_1 yjcH_2
[14:11:55] Fixed 2 duplicate /gene - arsH_1 arsH_2
[14:11:55] Fixed 2 duplicate /gene - purU_1 purU_2
[14:11:55] Fixed 9 duplicate /gene - pgrR_1 pgrR_2 pgrR_3 pgrR_4 pgrR_5 pgrR_6 pgrR_7 pgrR_8 pgrR_9
[14:11:55] Fixed 2 duplicate /gene - pncC_1 pncC_2
[14:11:55] Fixed 2 duplicate /gene - sutR_1 sutR_2
[14:11:55] Fixed 3 duplicate /gene - zapE_1 zapE_2 zapE_3
[14:11:55] Fixed 4 duplicate /gene - sctC_1 sctC_2 sctC_3 sctC_4
[14:11:55] Fixed 2 duplicate /gene - sufS_1 sufS_2
[14:11:55] Fixed 3 duplicate /gene - pilT_1 pilT_2 pilT_3
[14:11:55] Fixed 6 duplicate /gene - btuD_1 btuD_2 btuD_3 btuD_4 btuD_5 btuD_6
[14:11:55] Fixed 3 duplicate /gene - htpX_1 htpX_2 htpX_3
[14:11:55] Fixed 3 duplicate /gene - mupP_1 mupP_2 mupP_3
[14:11:55] Fixed 3 duplicate /gene - pbuE_1 pbuE_2 pbuE_3
[14:11:55] Fixed 2 duplicate /gene - cpoB_1 cpoB_2
[14:11:55] Fixed 2 duplicate /gene - copR_1 copR_2
[14:11:55] Fixed 2 duplicate /gene - qorA_1 qorA_2
[14:11:55] Fixed 2 duplicate /gene - dksA_1 dksA_2
[14:11:55] Fixed 2 duplicate /gene - lolD_1 lolD_2
[14:11:55] Fixed 3 duplicate /gene - pxpB_1 pxpB_2 pxpB_3
[14:11:55] Fixed 4 duplicate /gene - clpP_1 clpP_2 clpP_3 clpP_4
[14:11:55] Fixed 2 duplicate /gene - yedK_1 yedK_2
[14:11:55] Fixed 4 duplicate /gene - gcvH_1 gcvH_2 gcvH_3 gcvH_4
[14:11:55] Fixed 2 duplicate /gene - fabF_1 fabF_2
[14:11:55] Fixed 2 duplicate /gene - hxuB_1 hxuB_2
[14:11:55] Fixed 2 duplicate /gene - ggt_1 ggt_2
[14:11:55] Fixed 2 duplicate /gene - topA_1 topA_2
[14:11:55] Fixed 4 duplicate /gene - rssB_1 rssB_2 rssB_3 rssB_4
[14:11:55] Fixed 3 duplicate /gene - kdgR_1 kdgR_2 kdgR_3
[14:11:55] Fixed 2 duplicate /gene - lon_1 lon_2
[14:11:55] Fixed 2 duplicate /gene - gltJ_1 gltJ_2
[14:11:55] Fixed 2 duplicate /gene - ivy_1 ivy_2
[14:11:55] Fixed 3 duplicate /gene - ycaC_1 ycaC_2 ycaC_3
[14:11:55] Fixed 2 duplicate /gene - yejB_1 yejB_2
[14:11:55] Fixed 4 duplicate /gene - yadV_1 yadV_2 yadV_3 yadV_4
[14:11:55] Fixed 6 duplicate /gene - malT_1 malT_2 malT_3 malT_4 malT_5 malT_6
[14:11:55] Fixed 8 duplicate /gene - mdtA_1 mdtA_2 mdtA_3 mdtA_4 mdtA_5 mdtA_6 mdtA_7 mdtA_8
[14:11:55] Fixed 2 duplicate /gene - eamA_1 eamA_2
[14:11:55] Fixed 2 duplicate /gene - fpr_1 fpr_2
[14:11:55] Fixed 3 duplicate /gene - gstB_1 gstB_2 gstB_3
[14:11:55] Fixed 3 duplicate /gene - acsA_1 acsA_2 acsA_3
[14:11:55] Fixed 2 duplicate /gene - rdmC_1 rdmC_2
[14:11:55] Fixed 2 duplicate /gene - smc_1 smc_2
[14:11:55] Fixed 2 duplicate /gene - xthA_1 xthA_2
[14:11:55] Fixed 2 duplicate /gene - dgt_1 dgt_2
[14:11:55] Fixed 2 duplicate /gene - lip_1 lip_2
[14:11:55] Fixed 4 duplicate /gene - aaeA_1 aaeA_2 aaeA_3 aaeA_4
[14:11:55] Fixed 2 duplicate /gene - ftsA_1 ftsA_2
[14:11:55] Fixed 2 duplicate /gene - dmoA_1 dmoA_2
[14:11:55] Fixed 3 duplicate /gene - ahpC_1 ahpC_2 ahpC_3
[14:11:55] Fixed 2 duplicate /gene - trpI_1 trpI_2
[14:11:55] Fixed 2 duplicate /gene - jefA_1 jefA_2
[14:11:55] Fixed 2 duplicate /gene - acdA_1 acdA_2
[14:11:55] Fixed 2 duplicate /gene - phnC_1 phnC_2
[14:11:55] Fixed 9 duplicate /gene - gcvA_1 gcvA_2 gcvA_3 gcvA_4 gcvA_5 gcvA_6 gcvA_7 gcvA_8 gcvA_9
[14:11:55] Fixed 2 duplicate /gene - sbp_1 sbp_2
[14:11:55] Fixed 2 duplicate /gene - mkl_1 mkl_2
[14:11:55] Fixed 2 duplicate /gene - yihG_1 yihG_2
[14:11:55] Fixed 2 duplicate /gene - copB_1 copB_2
[14:11:55] Fixed 5 duplicate /gene - oprM_1 oprM_2 oprM_3 oprM_4 oprM_5
[14:11:55] Fixed 4 duplicate /gene - tolQ_1 tolQ_2 tolQ_3 tolQ_4
[14:11:55] Fixed 2 duplicate /gene - iorA_1 iorA_2
[14:11:55] Fixed 2 duplicate /gene - msuD_1 msuD_2
[14:11:55] Fixed 2 duplicate /gene - mtrA_1 mtrA_2
[14:11:55] Fixed 3 duplicate /gene - rhtB_1 rhtB_2 rhtB_3
[14:11:55] Fixed 2 duplicate /gene - acs_1 acs_2
[14:11:55] Fixed 3 duplicate /gene - livF_1 livF_2 livF_3
[14:11:55] Fixed 3 duplicate /gene - yycB_1 yycB_2 yycB_3
[14:11:55] Fixed 2 duplicate /gene - dsbD_1 dsbD_2
[14:11:55] Fixed 2 duplicate /gene - cynT_1 cynT_2
[14:11:55] Fixed 16 duplicate /gene - sasA_1 sasA_2 sasA_3 sasA_4 sasA_5 sasA_6 sasA_7 sasA_8 sasA_9 sasA_10 sasA_11 sasA_12 sasA_13 sasA_14 sasA_15 sasA_16
[14:11:55] Fixed 3 duplicate /gene - prpC_1 prpC_2 prpC_3
[14:11:55] Fixed 2 duplicate /gene - azoR1_1 azoR1_2
[14:11:55] Fixed 2 duplicate /gene - kgtP_1 kgtP_2
[14:11:55] Fixed 2 duplicate /gene - ftsH_1 ftsH_2
[14:11:55] Fixed 2 duplicate /gene - fabD_1 fabD_2
[14:11:55] Fixed 2 duplicate /gene - mexA_1 mexA_2
[14:11:55] Fixed 2 duplicate /gene - arnC_1 arnC_2
[14:11:55] Fixed 2 duplicate /gene - ynfM_1 ynfM_2
[14:11:55] Fixed 2 duplicate /gene - gabR_1 gabR_2
[14:11:55] Fixed 2 duplicate /gene - aroE_1 aroE_2
[14:11:55] Fixed 2 duplicate /gene - czcC_1 czcC_2
[14:11:55] Fixed 2 duplicate /gene - glxR_1 glxR_2
[14:11:55] Fixed 6 duplicate /gene - mshA_1 mshA_2 mshA_3 mshA_4 mshA_5 mshA_6
[14:11:55] Fixed 2 duplicate /gene - ydiK_1 ydiK_2
[14:11:55] Fixed 2 duplicate /gene - secD_1 secD_2
[14:11:55] Fixed 2 duplicate /gene - phzF_1 phzF_2
[14:11:55] Fixed 2 duplicate /gene - yeaD_1 yeaD_2
[14:11:55] Fixed 2 duplicate /gene - tusA_1 tusA_2
[14:11:55] Fixed 2 duplicate /gene - btuF_1 btuF_2
[14:11:55] Fixed 2 duplicate /gene - gcvT_1 gcvT_2
[14:11:55] Fixed 3 duplicate /gene - yofA_1 yofA_2 yofA_3
[14:11:55] Fixed 3 duplicate /gene - ssuC_1 ssuC_2 ssuC_3
[14:11:55] Fixed 2 duplicate /gene - apaH_1 apaH_2
[14:11:55] Fixed 2 duplicate /gene - gltD_1 gltD_2
[14:11:55] Fixed 2 duplicate /gene - hmuU_1 hmuU_2
[14:11:55] Fixed 2 duplicate /gene - hisQ_1 hisQ_2
[14:11:55] Fixed 2 duplicate /gene - znuB_1 znuB_2
[14:11:55] Fixed 2 duplicate /gene - sspA_1 sspA_2
[14:11:55] Fixed 6 duplicate /gene - COQ3_1 COQ3_2 COQ3_3 COQ3_4 COQ3_5 COQ3_6
[14:11:55] Fixed 2 duplicate /gene - soxR_1 soxR_2
[14:11:55] Fixed 2 duplicate /gene - folE_1 folE_2
[14:11:55] Fixed 2 duplicate /gene - aroF_1 aroF_2
[14:11:55] Fixed 2 duplicate /gene - farB_1 farB_2
[14:11:55] Fixed 3 duplicate /gene - sfnR_1 sfnR_2 sfnR_3
[14:11:55] Fixed 2 duplicate /gene - lolE_1 lolE_2
[14:11:55] Fixed 2 duplicate /gene - rlmN_1 rlmN_2
[14:11:55] Fixed 2 duplicate /gene - occM_1 occM_2
[14:11:55] Fixed 2 duplicate /gene - ppiC_1 ppiC_2
[14:11:55] Fixed 2 duplicate /gene - amtB_1 amtB_2
[14:11:55] Fixed 9 duplicate /gene - xerC_1 xerC_2 xerC_3 xerC_4 xerC_5 xerC_6 xerC_7 xerC_8 xerC_9
[14:11:55] Fixed 2 duplicate /gene - pncB2_1 pncB2_2
[14:11:55] Fixed 2 duplicate /gene - purN_1 purN_2
[14:11:55] Fixed 2 duplicate /gene - btr_1 btr_2
[14:11:55] Fixed 2 duplicate /gene - ftsN_1 ftsN_2
[14:11:55] Fixed 3 duplicate /gene - rhlE_1 rhlE_2 rhlE_3
[14:11:55] Fixed 15 duplicate /gene - rcsC_1 rcsC_2 rcsC_3 rcsC_4 rcsC_5 rcsC_6 rcsC_7 rcsC_8 rcsC_9 rcsC_10 rcsC_11 rcsC_12 rcsC_13 rcsC_14 rcsC_15
[14:11:55] Fixed 2 duplicate /gene - btuE_1 btuE_2
[14:11:55] Fixed 2 duplicate /gene - yrdA_1 yrdA_2
[14:11:55] Fixed 2 duplicate /gene - yjaB_1 yjaB_2
[14:11:55] Fixed 3 duplicate /gene - spuD_1 spuD_2 spuD_3
[14:11:55] Fixed 2 duplicate /gene - sotB_1 sotB_2
[14:11:55] Fixed 2 duplicate /gene - ndhC_1 ndhC_2
[14:11:55] Fixed 2 duplicate /gene - glpT_1 glpT_2
[14:11:55] Fixed 2 duplicate /gene - panS_1 panS_2
[14:11:55] Fixed 2 duplicate /gene - fbp_1 fbp_2
[14:11:55] Fixed 2 duplicate /gene - mmsA_1 mmsA_2
[14:11:55] Fixed 2 duplicate /gene - thiE_1 thiE_2
[14:11:55] Fixed 2 duplicate /gene - hcnC_1 hcnC_2
[14:11:55] Fixed 2 duplicate /gene - FCS1_1 FCS1_2
[14:11:55] Fixed 2 duplicate /gene - glnA_1 glnA_2
[14:11:55] Fixed 2 duplicate /gene - nhaP2_1 nhaP2_2
[14:11:55] Fixed 3 duplicate /gene - garR_1 garR_2 garR_3
[14:11:55] Fixed 3 duplicate /gene - puuR_1 puuR_2 puuR_3
[14:11:55] Fixed 5 duplicate /gene - paaF_1 paaF_2 paaF_3 paaF_4 paaF_5
[14:11:55] Fixed 2 duplicate /gene - nagL_1 nagL_2
[14:11:55] Fixed 2 duplicate /gene - aam_1 aam_2
[14:11:55] Fixed 2 duplicate /gene - nfdA_1 nfdA_2
[14:11:55] Fixed 2 duplicate /gene - hpcD_1 hpcD_2
[14:11:55] Fixed 2 duplicate /gene - bfrD_1 bfrD_2
[14:11:55] Fixed 2 duplicate /gene - pfeS_1 pfeS_2
[14:11:55] Fixed 5 duplicate /gene - soj_1 soj_2 soj_3 soj_4 soj_5
[14:11:55] Fixed 4 duplicate /gene - fadA_1 fadA_2 fadA_3 fadA_4
[14:11:55] Fixed 2 duplicate /gene - trpD_1 trpD_2
[14:11:55] Fixed 2 duplicate /gene - yohC_1 yohC_2
[14:11:55] Fixed 3 duplicate /gene - pitA_1 pitA_2 pitA_3
[14:11:55] Fixed 3 duplicate /gene - aguA_1 aguA_2 aguA_3
[14:11:55] Fixed 2 duplicate /gene - gpFI_1 gpFI_2
[14:11:55] Fixed 3 duplicate /gene - xcpT_1 xcpT_2 xcpT_3
[14:11:55] Fixed 2 duplicate /gene - yhdG_1 yhdG_2
[14:11:55] Fixed 3 duplicate /gene - yjiK_1 yjiK_2 yjiK_3
[14:11:55] Fixed 3 duplicate /gene - nemA_1 nemA_2 nemA_3
[14:11:55] Fixed 3 duplicate /gene - cysG_1 cysG_2 cysG_3
[14:11:55] Fixed 2 duplicate /gene - plcN_1 plcN_2
[14:11:55] Fixed 2 duplicate /gene - mdtC_1 mdtC_2
[14:11:55] Fixed 2 duplicate /gene - mntH_1 mntH_2
[14:11:55] Fixed 3 duplicate /gene - yddE_1 yddE_2 yddE_3
[14:11:55] Fixed 2 duplicate /gene - dsbB_1 dsbB_2
[14:11:55] Fixed 3 duplicate /gene - gntR_1 gntR_2 gntR_3
[14:11:55] Fixed 4 duplicate /gene - degU_1 degU_2 degU_3 degU_4
[14:11:55] Fixed 2 duplicate /gene - yejF_1 yejF_2
[14:11:55] Fixed 3 duplicate /gene - quiP_1 quiP_2 quiP_3
[14:11:55] Fixed 2 duplicate /gene - nadD_1 nadD_2
[14:11:55] Fixed 4 duplicate /gene - norG_1 norG_2 norG_3 norG_4
[14:11:55] Fixed 2 duplicate /gene - argT_1 argT_2
[14:11:55] Fixed 2 duplicate /gene - gloB_1 gloB_2
[14:11:55] Fixed 6 duplicate /gene - potA_1 potA_2 potA_3 potA_4 potA_5 potA_6
[14:11:55] Fixed 2 duplicate /gene - fliY_1 fliY_2
[14:11:55] Fixed 2 duplicate /gene - fklB_1 fklB_2
[14:11:55] Fixed 2 duplicate /gene - barA_1 barA_2
[14:11:55] Fixed 2 duplicate /gene - accB_1 accB_2
[14:11:55] Fixed 4 duplicate /gene - prtR_1 prtR_2 prtR_3 prtR_4
[14:11:55] Fixed 2 duplicate /gene - metN_1 metN_2
[14:11:55] Fixed 2 duplicate /gene - ogt_1 ogt_2
[14:11:55] Fixed 3 duplicate /gene - yxaF_1 yxaF_2 yxaF_3
[14:11:55] Fixed 2 duplicate /gene - zwf_1 zwf_2
[14:11:55] Fixed 2 duplicate /gene - hutH_1 hutH_2
[14:11:55] Fixed 5 duplicate /gene - cheB_1 cheB_2 cheB_3 cheB_4 cheB_5
[14:11:55] Fixed 2 duplicate /gene - accA1_1 accA1_2
[14:11:55] Fixed 2 duplicate /gene - hisP_1 hisP_2
[14:11:55] Fixed 4 duplicate /gene - dapA_1 dapA_2 dapA_3 dapA_4
[14:11:55] Fixed 2 duplicate /gene - phoP_1 phoP_2
[14:11:55] Fixed 2 duplicate /gene - tolB_1 tolB_2
[14:11:55] Fixed 2 duplicate /gene - mqo_1 mqo_2
[14:11:55] Fixed 2 duplicate /gene - dinG_1 dinG_2
[14:11:55] Fixed 2 duplicate /gene - thlA_1 thlA_2
[14:11:55] Fixed 2 duplicate /gene - actP_1 actP_2
[14:11:55] Fixed 2 duplicate /gene - ybiI_1 ybiI_2
[14:11:55] Fixed 2 duplicate /gene - yejE_1 yejE_2
[14:11:55] Fixed 2 duplicate /gene - betA_1 betA_2
[14:11:55] Fixed 2 duplicate /gene - oxyR_1 oxyR_2
[14:11:55] Fixed 2 duplicate /gene - nanT_1 nanT_2
[14:11:55] Fixed 2 duplicate /gene - pgl_1 pgl_2
[14:11:55] Fixed 2 duplicate /gene - resA_1 resA_2
[14:11:55] Fixed 2 duplicate /gene - dnaK_1 dnaK_2
[14:11:55] Fixed 2 duplicate /gene - pchA_1 pchA_2
[14:11:55] Fixed 2 duplicate /gene - hcaB_1 hcaB_2
[14:11:55] Fixed 2 duplicate /gene - tufA_1 tufA_2
[14:11:55] Fixed 4 duplicate /gene - gdx_1 gdx_2 gdx_3 gdx_4
[14:11:55] Fixed 4 duplicate /gene - rhaR_1 rhaR_2 rhaR_3 rhaR_4
[14:11:55] Fixed 2 duplicate /gene - aaeX_1 aaeX_2
[14:11:55] Fixed 3 duplicate /gene - napA_1 napA_2 napA_3
[14:11:55] Fixed 2 duplicate /gene - fabH_1 fabH_2
[14:11:55] Fixed 2 duplicate /gene - zntB_1 zntB_2
[14:11:55] Fixed 4 duplicate /gene - rutR_1 rutR_2 rutR_3 rutR_4
[14:11:55] Fixed 13 duplicate /gene - fabG_1 fabG_2 fabG_3 fabG_4 fabG_5 fabG_6 fabG_7 fabG_8 fabG_9 fabG_10 fabG_11 fabG_12 fabG_13
[14:11:55] Fixed 2 duplicate /gene - lldR_1 lldR_2
[14:11:55] Fixed 2 duplicate /gene - ydhP_1 ydhP_2
[14:11:55] Fixed 2 duplicate /gene - inaA_1 inaA_2
[14:11:55] Fixed 3 duplicate /gene - dctP_1 dctP_2 dctP_3
[14:11:55] Fixed 4 duplicate /gene - rhtC_1 rhtC_2 rhtC_3 rhtC_4
[14:11:55] Fixed 3 duplicate /gene - prsE_1 prsE_2 prsE_3
[14:11:55] Fixed 2 duplicate /gene - ltaE_1 ltaE_2
[14:11:55] Fixed 2 duplicate /gene - ada_1 ada_2
[14:11:55] Fixed 12 duplicate /gene - rhaS_1 rhaS_2 rhaS_3 rhaS_4 rhaS_5 rhaS_6 rhaS_7 rhaS_8 rhaS_9 rhaS_10 rhaS_11 rhaS_12
[14:11:55] Fixed 2 duplicate /gene - asnO_1 asnO_2
[14:11:55] Fixed 4 duplicate /gene - vgrG1_1 vgrG1_2 vgrG1_3 vgrG1_4
[14:11:55] Fixed 5 duplicate /gene - puuA_1 puuA_2 puuA_3 puuA_4 puuA_5
[14:11:55] Fixed 2 duplicate /gene - ddl_1 ddl_2
[14:11:55] Fixed 3 duplicate /gene - pfeA_1 pfeA_2 pfeA_3
[14:11:55] Fixed 2 duplicate /gene - hexR_1 hexR_2
[14:11:55] Fixed 2 duplicate /gene - mdtK_1 mdtK_2
[14:11:55] Fixed 7 duplicate /gene - pcpR_1 pcpR_2 pcpR_3 pcpR_4 pcpR_5 pcpR_6 pcpR_7
[14:11:55] Fixed 3 duplicate /gene - recF_1 recF_2 recF_3
[14:11:55] Fixed 4 duplicate /gene - ttgI_1 ttgI_2 ttgI_3 ttgI_4
[14:11:55] Fixed 3 duplicate /gene - virB4_1 virB4_2 virB4_3
[14:11:55] Fixed 2 duplicate /gene - rhlA_1 rhlA_2
[14:11:55] Fixed 3 duplicate /gene - phnR_1 phnR_2 phnR_3
[14:11:55] Fixed 2 duplicate /gene - cobB_1 cobB_2
[14:11:55] Fixed 3 duplicate /gene - fhuA_1 fhuA_2 fhuA_3
[14:11:55] Fixed 2 duplicate /gene - pleD_1 pleD_2
[14:11:55] Fixed 3 duplicate /gene - traG_1 traG_2 traG_3
[14:11:55] Fixed 2 duplicate /gene - yohK_1 yohK_2
[14:11:55] Fixed 11 duplicate /gene - nimR_1 nimR_2 nimR_3 nimR_4 nimR_5 nimR_6 nimR_7 nimR_8 nimR_9 nimR_10 nimR_11
[14:11:55] Fixed 2 duplicate /gene - dctB_1 dctB_2
[14:11:55] Fixed 5 duplicate /gene - cmpR_1 cmpR_2 cmpR_3 cmpR_4 cmpR_5
[14:11:55] Fixed 2 duplicate /gene - prfA_1 prfA_2
[14:11:55] Fixed 3 duplicate /gene - yfdE_1 yfdE_2 yfdE_3
[14:11:55] Fixed 3 duplicate /gene - betI_1 betI_2 betI_3
[14:11:55] Fixed 3 duplicate /gene - ssuB_1 ssuB_2 ssuB_3
[14:11:55] Fixed 2 duplicate /gene - map_1 map_2
[14:11:55] Fixed 4 duplicate /gene - emrA_1 emrA_2 emrA_3 emrA_4
[14:11:55] Fixed 2 duplicate /gene - cidA_1 cidA_2
[14:11:55] Fixed 2 duplicate /gene - pcaF_1 pcaF_2
[14:11:55] Fixed 2 duplicate /gene - znuC_1 znuC_2
[14:11:55] Fixed 2 duplicate /gene - mgtC_1 mgtC_2
[14:11:55] Fixed 2 duplicate /gene - cysL_1 cysL_2
[14:11:55] Fixed 26 duplicate /gene - dmlR_1 dmlR_2 dmlR_3 dmlR_4 dmlR_5 dmlR_6 dmlR_7 dmlR_8 dmlR_9 dmlR_10 dmlR_11 dmlR_12 dmlR_13 dmlR_14 dmlR_15 dmlR_16 dmlR_17 dmlR_18 dmlR_19 dmlR_20 dmlR_21 dmlR_22 dmlR_23 dmlR_24 dmlR_25 dmlR_26
[14:11:55] Fixed 2 duplicate /gene - nemR_1 nemR_2
[14:11:55] Fixed 2 duplicate /gene - pxpA3_1 pxpA3_2
[14:11:55] Fixed 4 duplicate /gene - catD_1 catD_2 catD_3 catD_4
[14:11:55] Fixed 2 duplicate /gene - yajO_1 yajO_2
[14:11:55] Fixed 3 duplicate /gene - spuC_1 spuC_2 spuC_3
[14:11:55] Fixed 2 duplicate /gene - arcA_1 arcA_2
[14:11:55] Fixed 3 duplicate /gene - rcsB_1 rcsB_2 rcsB_3
[14:11:55] Fixed 2 duplicate /gene - aspC_1 aspC_2
[14:11:55] Fixed 2 duplicate /gene - sulA_1 sulA_2
[14:11:55] Fixed 2 duplicate /gene - murJ_1 murJ_2
[14:11:55] Fixed 2 duplicate /gene - rlmL_1 rlmL_2
[14:11:55] Fixed 3 duplicate /gene - dhaT_1 dhaT_2 dhaT_3
[14:11:55] Fixed 3 duplicate /gene - mcpQ_1 mcpQ_2 mcpQ_3
[14:11:55] Fixed 2 duplicate /gene - metQ_1 metQ_2
[14:11:55] Fixed 2 duplicate /gene - ttgF_1 ttgF_2
[14:11:55] Fixed 2 duplicate /gene - atpH_1 atpH_2
[14:11:55] Fixed 4 duplicate /gene - yhaJ_1 yhaJ_2 yhaJ_3 yhaJ_4
[14:11:55] Fixed 2 duplicate /gene - trmR_1 trmR_2
[14:11:55] Fixed 2 duplicate /gene - eda_1 eda_2
[14:11:55] Fixed 3 duplicate /gene - gbpR_1 gbpR_2 gbpR_3
[14:11:55] Fixed 2 duplicate /gene - moaA_1 moaA_2
[14:11:55] Fixed 2 duplicate /gene - hcnB_1 hcnB_2
[14:11:55] Fixed 2 duplicate /gene - rlpA_1 rlpA_2
[14:11:55] Fixed 2 duplicate /gene - uacT_1 uacT_2
[14:11:55] Fixed 2 duplicate /gene - eptA_1 eptA_2
[14:11:55] Fixed 2 duplicate /gene - uspE_1 uspE_2
[14:11:55] Fixed 2 duplicate /gene - tyrS_1 tyrS_2
[14:11:55] Fixed 3 duplicate /gene - entS_1 entS_2 entS_3
[14:11:55] Fixed 3 duplicate /gene - rapA_1 rapA_2 rapA_3
[14:11:55] Fixed 3 duplicate /gene - guaD_1 guaD_2 guaD_3
[14:11:55] Fixed 4 duplicate /gene - hisC_1 hisC_2 hisC_3 hisC_4
[14:11:55] Fixed 3 duplicate /gene - pucI_1 pucI_2 pucI_3
[14:11:55] Fixed 2 duplicate /gene - tyrR_1 tyrR_2
[14:11:55] Fixed 4 duplicate /gene - zraR_1 zraR_2 zraR_3 zraR_4
[14:11:55] Fixed 3 duplicate /gene - ssuD_1 ssuD_2 ssuD_3
[14:11:55] Fixed 5 duplicate /gene - gltC_1 gltC_2 gltC_3 gltC_4 gltC_5
[14:11:55] Fixed 7 duplicate /gene - tam_1 tam_2 tam_3 tam_4 tam_5 tam_6 tam_7
[14:11:55] Fixed 2 duplicate /gene - fdxA_1 fdxA_2
[14:11:55] Fixed 2 duplicate /gene - czcD_1 czcD_2
[14:11:55] Fixed 2 duplicate /gene - argE_1 argE_2
[14:11:55] Fixed 2 duplicate /gene - aroQ1_1 aroQ1_2
[14:11:55] Fixed 2 duplicate /gene - dctQ_1 dctQ_2
[14:11:55] Fixed 3 duplicate /gene - lptB_1 lptB_2 lptB_3
[14:11:55] Fixed 2 duplicate /gene - bfr_1 bfr_2
[14:11:55] Fixed 2 duplicate /gene - hemL_1 hemL_2
[14:11:55] Fixed 2 duplicate /gene - fumC_1 fumC_2
[14:11:55] Fixed 3 duplicate /gene - surA_1 surA_2 surA_3
[14:11:55] Fixed 3 duplicate /gene - dctD_1 dctD_2 dctD_3
[14:11:55] Fixed 2 duplicate /gene - mdoB_1 mdoB_2
[14:11:55] Fixed 3 duplicate /gene - comR_1 comR_2 comR_3
[14:11:55] Fixed 2 duplicate /gene - lgrE_1 lgrE_2
[14:11:55] Fixed 2 duplicate /gene - sodB_1 sodB_2
[14:11:55] Fixed 2 duplicate /gene - ybgC_1 ybgC_2
[14:11:55] Fixed 2 duplicate /gene - yjhB_1 yjhB_2
[14:11:55] Fixed 2 duplicate /gene - mdtB_1 mdtB_2
[14:11:55] Fixed 2 duplicate /gene - potF_1 potF_2
[14:11:55] Fixed 3 duplicate /gene - rep_1 rep_2 rep_3
[14:11:55] Fixed 2 duplicate /gene - osmY_1 osmY_2
[14:11:55] Fixed 4 duplicate /gene - epsF_1 epsF_2 epsF_3 epsF_4
[14:11:55] Fixed 4 duplicate /gene - phnE_1 phnE_2 phnE_3 phnE_4
[14:11:55] Fixed 7 duplicate /gene - dmdC_1 dmdC_2 dmdC_3 dmdC_4 dmdC_5 dmdC_6 dmdC_7
[14:11:55] Fixed 5 duplicate /gene - mltF_1 mltF_2 mltF_3 mltF_4 mltF_5
[14:11:55] Fixed 3 duplicate /gene - cynR_1 cynR_2 cynR_3
[14:11:55] Fixed 2 duplicate /gene - accC_1 accC_2
[14:11:55] Fixed 2 duplicate /gene - nodD2_1 nodD2_2
[14:11:55] Fixed 2 duplicate /gene - cheY_1 cheY_2
[14:11:55] Fixed 2 duplicate /gene - purB_1 purB_2
[14:11:55] Fixed 2 duplicate /gene - brnQ_1 brnQ_2
[14:11:55] Fixed 2 duplicate /gene - pcaR_1 pcaR_2
[14:11:55] Fixed 2 duplicate /gene - tauD_1 tauD_2
[14:11:55] Fixed 2 duplicate /gene - potE_1 potE_2
[14:11:55] Fixed 4 duplicate /gene - yabJ_1 yabJ_2 yabJ_3 yabJ_4
[14:11:55] Fixed 2 duplicate /gene - trkI_1 trkI_2
[14:11:55] Fixed 2 duplicate /gene - sttH_1 sttH_2
[14:11:55] Fixed 2 duplicate /gene - aruI_1 aruI_2
[14:11:55] Fixed 2 duplicate /gene - tsaM1_1 tsaM1_2
[14:11:55] Fixed 2 duplicate /gene - glpE_1 glpE_2
[14:11:55] Fixed 2 duplicate /gene - cntI_1 cntI_2
[14:11:55] Fixed 2 duplicate /gene - yhcG_1 yhcG_2
[14:11:55] Fixed 4 duplicate /gene - tolC_1 tolC_2 tolC_3 tolC_4
[14:11:55] Fixed 3 duplicate /gene - dnaB_1 dnaB_2 dnaB_3
[14:11:55] Fixed 2 duplicate /gene - dadA1_1 dadA1_2
[14:11:55] Fixed 4 duplicate /gene - yecS_1 yecS_2 yecS_3 yecS_4
[14:11:55] Fixed 6 duplicate /gene - aaeB_1 aaeB_2 aaeB_3 aaeB_4 aaeB_5 aaeB_6
[14:11:55] Fixed 4 duplicate /gene - ydcV_1 ydcV_2 ydcV_3 ydcV_4
[14:11:55] Fixed 523 colliding /gene names.
[14:11:55] Adding /locus_tag identifiers
[14:11:55] Assigned 6448 locus_tags to CDS and RNA features.
[14:11:55] Writing outputs to /home/rayhan-sikdar/bacterial-upstream_analysis/results/annotation/
[14:11:57] Generating annotation statistics file
[14:11:57] Generating Genbank and Sequin files
[14:11:57] Running: tbl2asn -V b -a r10k -l paired-ends -M n -N 1 -y 'Annotated using prokka 1.14.6 from https://github.com/tseemann/prokka' -Z \/home\/rayhan\-sikdar\/bacterial\-upstream_analysis\/results\/annotation\/SRR33893847\.err -i \/home\/rayhan\-sikdar\/bacterial\-upstream_analysis\/results\/annotation\/SRR33893847\.fsa 2> /dev/null
[14:12:04] Deleting unwanted file: /home/rayhan-sikdar/bacterial-upstream_analysis/results/annotation/errorsummary.val
[14:12:04] Deleting unwanted file: /home/rayhan-sikdar/bacterial-upstream_analysis/results/annotation/SRR33893847.dr
[14:12:04] Deleting unwanted file: /home/rayhan-sikdar/bacterial-upstream_analysis/results/annotation/SRR33893847.fixedproducts
[14:12:04] Deleting unwanted file: /home/rayhan-sikdar/bacterial-upstream_analysis/results/annotation/SRR33893847.ecn
[14:12:04] Deleting unwanted file: /home/rayhan-sikdar/bacterial-upstream_analysis/results/annotation/SRR33893847.val
[14:12:04] Repairing broken .GBK output that tbl2asn produces...
[14:12:04] Running: sed 's/COORDINATES: profile/COORDINATES:profile/' < \/home\/rayhan\-sikdar\/bacterial\-upstream_analysis\/results\/annotation\/SRR33893847\.gbf > \/home\/rayhan\-sikdar\/bacterial\-upstream_analysis\/results\/annotation\/SRR33893847\.gbk
[14:12:04] Deleting unwanted file: /home/rayhan-sikdar/bacterial-upstream_analysis/results/annotation/SRR33893847.gbf
[14:12:04] Output files:
[14:12:04] /home/rayhan-sikdar/bacterial-upstream_analysis/results/annotation/SRR33893847.tsv
[14:12:04] /home/rayhan-sikdar/bacterial-upstream_analysis/results/annotation/SRR33893847.txt
[14:12:04] /home/rayhan-sikdar/bacterial-upstream_analysis/results/annotation/SRR33893847.fna
[14:12:04] /home/rayhan-sikdar/bacterial-upstream_analysis/results/annotation/SRR33893847.fsa
[14:12:04] /home/rayhan-sikdar/bacterial-upstream_analysis/results/annotation/SRR33893847.ffn
[14:12:04] /home/rayhan-sikdar/bacterial-upstream_analysis/results/annotation/SRR33893847.tbl
[14:12:04] /home/rayhan-sikdar/bacterial-upstream_analysis/results/annotation/SRR33893847.log
[14:12:04] /home/rayhan-sikdar/bacterial-upstream_analysis/results/annotation/SRR33893847.gbk
[14:12:04] /home/rayhan-sikdar/bacterial-upstream_analysis/results/annotation/SRR33893847.faa
[14:12:04] /home/rayhan-sikdar/bacterial-upstream_analysis/results/annotation/SRR33893847.err
[14:12:04] /home/rayhan-sikdar/bacterial-upstream_analysis/results/annotation/SRR33893847.sqn
[14:12:04] /home/rayhan-sikdar/bacterial-upstream_analysis/results/annotation/SRR33893847.gff
[14:12:04] Annotation finished successfully.
[14:12:04] Walltime used: 3.25 minutes
[14:12:04] If you use this result please cite the Prokka paper:
[14:12:04] Seemann T (2014) Prokka: rapid prokaryotic genome annotation. Bioinformatics. 30(14):2068-9.
[14:12:04] Type 'prokka --citation' for more details.
[14:12:04] Share and enjoy!
